*** Starting uWSGI 2.0.22 (64bit) on [Tue Oct 17 13:38:40 2023] ***
compiled with version: 9.4.0 on 05 September 2023 23:37:52
os: Linux-5.15.0-72-generic #79~20.04.1-Ubuntu SMP Thu Apr 20 22:12:07 UTC 2023
nodename: en4217394l
machine: x86_64
clock source: unix
detected number of CPU cores: 32
current working directory: /home/local/ASUAD/shijielu/web/apache2
writing pidfile to /home/local/ASUAD/shijielu/web/apache2/uwsgi/uwsgi.pid
detected binary path: /usr/local/bin/uwsgi
!!! no internal routing support, rebuild with pcre support !!!
uWSGI running as root, you can use --uid/--gid/--chroot options
*** WARNING: you are running uWSGI as root !!! (use the --uid flag) *** 
chdir() to /home/local/ASUAD/shijielu/web/apache2
your processes number limit is 513797
your memory page size is 4096 bytes
detected max file descriptor number: 1024
lock engine: pthread robust mutexes
thunder lock: disabled (you can enable it with --thunder-lock)
probably another instance of uWSGI is running on the same address (0.0.0.0:5022).
bind(): Address already in use [core/socket.c line 769]
Tue Oct 17 13:40:36 2023 - uWSGI worker 1 screams: UAAAAAAH my master disconnected: i will kill myself !!!
Tue Oct 17 13:40:36 2023 - uWSGI worker 1 screams: UAAAAAAH my master disconnected: i will kill myself !!!
*** Starting uWSGI 2.0.22 (64bit) on [Tue Oct 17 13:40:48 2023] ***
compiled with version: 9.4.0 on 05 September 2023 23:37:52
os: Linux-5.15.0-72-generic #79~20.04.1-Ubuntu SMP Thu Apr 20 22:12:07 UTC 2023
nodename: en4217394l
machine: x86_64
clock source: unix
detected number of CPU cores: 32
current working directory: /home/local/ASUAD/shijielu/web/apache2
writing pidfile to /home/local/ASUAD/shijielu/web/apache2/uwsgi/uwsgi.pid
detected binary path: /usr/local/bin/uwsgi
!!! no internal routing support, rebuild with pcre support !!!
uWSGI running as root, you can use --uid/--gid/--chroot options
*** WARNING: you are running uWSGI as root !!! (use the --uid flag) *** 
chdir() to /home/local/ASUAD/shijielu/web/apache2
your processes number limit is 513797
your memory page size is 4096 bytes
detected max file descriptor number: 1024
lock engine: pthread robust mutexes
thunder lock: disabled (you can enable it with --thunder-lock)
uwsgi socket 0 bound to TCP address 0.0.0.0:5022 fd 3
uWSGI running as root, you can use --uid/--gid/--chroot options
*** WARNING: you are running uWSGI as root !!! (use the --uid flag) *** 
Python version: 3.8.10 (default, May 26 2023, 14:05:08)  [GCC 9.4.0]
Python main interpreter initialized at 0x5588e81e85c0
uWSGI running as root, you can use --uid/--gid/--chroot options
*** WARNING: you are running uWSGI as root !!! (use the --uid flag) *** 
python threads support enabled
your server socket listen backlog is limited to 100 connections
your mercy for graceful operations on workers is 60 seconds
mapped 166752 bytes (162 KB) for 2 cores
*** Operational MODE: threaded ***
WSGI app 0 (mountpoint='') ready in 0 seconds on interpreter 0x5588e81e85c0 pid: 1760384 (default app)
uWSGI running as root, you can use --uid/--gid/--chroot options
*** WARNING: you are running uWSGI as root !!! (use the --uid flag) *** 
*** uWSGI is running in multiple interpreter mode ***
spawned uWSGI master process (pid: 1760384)
spawned uWSGI worker 1 (pid: 1760386, cores: 2)
[pid: 1760386|app: 0|req: 1/1] 10.155.236.235 () {58 vars in 1197 bytes} [Tue Oct 17 13:41:31 2023] GET / => generated 36668 bytes in 13 msecs (HTTP/1.1 200) 2 headers in 82 bytes (1 switches on core 0)
[pid: 1760386|app: 0|req: 2/2] 10.155.236.235 () {58 vars in 1197 bytes} [Tue Oct 17 13:44:02 2023] GET / => generated 36668 bytes in 0 msecs (HTTP/1.1 200) 2 headers in 82 bytes (1 switches on core 1)
[pid: 1760386|app: 0|req: 3/3] 10.155.236.235 () {56 vars in 1135 bytes} [Tue Oct 17 13:44:03 2023] GET /favicon.ico => generated 207 bytes in 1 msecs (HTTP/1.1 404) 2 headers in 87 bytes (1 switches on core 0)
[pid: 1760386|app: 0|req: 4/4] 10.155.236.235 () {64 vars in 1308 bytes} [Tue Oct 17 13:44:03 2023] POST /query_db_user => generated 14704 bytes in 13 msecs (HTTP/1.1 200) 2 headers in 74 bytes (1 switches on core 1)
