*** Starting uWSGI 2.0.22 (64bit) on [Sat Sep 23 06:11:58 2023] ***
compiled with version: 9.4.0 on 31 August 2023 23:45:00
os: Linux-5.15.0-72-generic #79~20.04.1-Ubuntu SMP Thu Apr 20 22:12:07 UTC 2023
nodename: en4217394l
machine: x86_64
clock source: unix
detected number of CPU cores: 32
current working directory: /home/local/ASUAD/shijielu/Sysdig_Web
writing pidfile to /home/local/ASUAD/shijielu/Sysdig_Web/uwsgi/uwsgi.pid
detected binary path: /home/local/ASUAD/shijielu/.local/bin/uwsgi
!!! no internal routing support, rebuild with pcre support !!!
chdir() to /home/local/ASUAD/shijielu/Sysdig_Web
your processes number limit is 513797
your memory page size is 4096 bytes
detected max file descriptor number: 1024
lock engine: pthread robust mutexes
thunder lock: disabled (you can enable it with --thunder-lock)
uwsgi socket 0 bound to UNIX address /home/local/ASUAD/shijielu/Sysdig_Web/uwsgi/uwsgi.sock fd 4
Python version: 3.8.10 (default, May 26 2023, 14:05:08)  [GCC 9.4.0]
Python main interpreter initialized at 0x55ada0c803a0
python threads support enabled
your server socket listen backlog is limited to 100 connections
your mercy for graceful operations on workers is 60 seconds
mapped 166688 bytes (162 KB) for 2 cores
*** Operational MODE: threaded ***
WSGI app 0 (mountpoint='') ready in 0 seconds on interpreter 0x55ada0c803a0 pid: 1584537 (default app)
spawned uWSGI master process (pid: 1584537)
spawned uWSGI worker 1 (pid: 1584539, cores: 2)
*** Starting uWSGI 2.0.22 (64bit) on [Sat Sep 23 06:21:49 2023] ***
compiled with version: 9.4.0 on 31 August 2023 23:45:00
os: Linux-5.15.0-72-generic #79~20.04.1-Ubuntu SMP Thu Apr 20 22:12:07 UTC 2023
nodename: en4217394l
machine: x86_64
clock source: unix
detected number of CPU cores: 32
current working directory: /home/local/ASUAD/shijielu/Sysdig_Web
writing pidfile to /home/local/ASUAD/shijielu/Sysdig_Web/uwsgi/uwsgi.pid
detected binary path: /home/local/ASUAD/shijielu/.local/bin/uwsgi
!!! no internal routing support, rebuild with pcre support !!!
chdir() to /home/local/ASUAD/shijielu/Sysdig_Web
your processes number limit is 513797
your memory page size is 4096 bytes
detected max file descriptor number: 1024
lock engine: pthread robust mutexes
thunder lock: disabled (you can enable it with --thunder-lock)
uwsgi socket 0 bound to TCP address 0.0.0.0:5011 fd 4
Python version: 3.8.10 (default, May 26 2023, 14:05:08)  [GCC 9.4.0]
Python main interpreter initialized at 0x565394ba53a0
python threads support enabled
your server socket listen backlog is limited to 100 connections
your mercy for graceful operations on workers is 60 seconds
mapped 166688 bytes (162 KB) for 2 cores
*** Operational MODE: threaded ***
WSGI app 0 (mountpoint='') ready in 0 seconds on interpreter 0x565394ba53a0 pid: 1588373 (default app)
*** uWSGI is running in multiple interpreter mode ***
spawned uWSGI master process (pid: 1588373)
spawned uWSGI worker 1 (pid: 1588375, cores: 2)
invalid request block size: 21573 (max 4096)...skip
invalid request block size: 21573 (max 4096)...skip
invalid request block size: 21573 (max 4096)...skip
invalid request block size: 21573 (max 4096)...skip
invalid request block size: 21573 (max 4096)...skip
invalid request block size: 21573 (max 4096)...skip
invalid request block size: 21573 (max 4096)...skip
[pid: 1588375|app: 0|req: 1/1] 172.31.40.162 () {40 vars in 721 bytes} [Sat Sep 23 06:26:41 2023] GET / => generated 1342 bytes in 8 msecs (HTTP/1.1 200) 2 headers in 81 bytes (1 switches on core 0)
[pid: 1588375|app: 0|req: 2/2] 172.31.40.162 () {40 vars in 679 bytes} [Sat Sep 23 06:26:41 2023] GET /favicon.ico => generated 207 bytes in 1 msecs (HTTP/1.1 404) 2 headers in 87 bytes (1 switches on core 1)
------------------------------[1] this is a message from python print------------------------------END
CRITICAL:root:------------------------------[2] this is a message from logging module--------------------END
[pid: 1588375|app: 0|req: 4/3] 172.31.40.162 () {46 vars in 791 bytes} [Sat Sep 23 06:26:43 2023] POST /button_page_function => generated 99 bytes in 2002 msecs (HTTP/1.1 200) 2 headers in 79 bytes (1 switches on core 0)
------------------------------[1] this is a message from python print------------------------------END
CRITICAL:root:------------------------------[2] this is a message from logging module--------------------END
[pid: 1588375|app: 0|req: 4/4] 172.31.40.162 () {46 vars in 791 bytes} [Sat Sep 23 06:26:43 2023] POST /button_page_function => generated 99 bytes in 2003 msecs (HTTP/1.1 200) 2 headers in 79 bytes (1 switches on core 1)
[pid: 1588375|app: 0|req: 5/5] 172.31.40.172 () {40 vars in 721 bytes} [Sat Sep 23 06:39:28 2023] GET / => generated 1342 bytes in 0 msecs (HTTP/1.1 200) 2 headers in 81 bytes (1 switches on core 0)
[pid: 1588375|app: 0|req: 6/6] 172.31.40.172 () {40 vars in 679 bytes} [Sat Sep 23 06:39:28 2023] GET /favicon.ico => generated 207 bytes in 0 msecs (HTTP/1.1 404) 2 headers in 87 bytes (1 switches on core 1)
------------------------------[1] this is a message from python print------------------------------END
CRITICAL:root:------------------------------[2] this is a message from logging module--------------------END
[pid: 1588375|app: 0|req: 8/7] 172.31.40.172 () {46 vars in 791 bytes} [Sat Sep 23 06:39:30 2023] POST /button_page_function => generated 99 bytes in 2003 msecs (HTTP/1.1 200) 2 headers in 79 bytes (1 switches on core 0)
------------------------------[1] this is a message from python print------------------------------END
CRITICAL:root:------------------------------[2] this is a message from logging module--------------------END
[pid: 1588375|app: 0|req: 9/8] 172.31.40.172 () {46 vars in 791 bytes} [Sat Sep 23 06:39:30 2023] POST /button_page_function => generated 99 bytes in 2005 msecs (HTTP/1.1 200) 2 headers in 79 bytes (1 switches on core 1)
------------------------------[1] this is a message from python print------------------------------END
CRITICAL:root:------------------------------[2] this is a message from logging module--------------------END
[pid: 1588375|app: 0|req: 10/9] 172.31.40.172 () {46 vars in 791 bytes} [Sat Sep 23 06:39:32 2023] POST /button_page_function => generated 99 bytes in 2003 msecs (HTTP/1.1 200) 2 headers in 79 bytes (1 switches on core 0)
------------------------------[1] this is a message from python print------------------------------END
CRITICAL:root:------------------------------[2] this is a message from logging module--------------------END
[pid: 1588375|app: 0|req: 11/10] 172.31.40.172 () {46 vars in 791 bytes} [Sat Sep 23 06:39:32 2023] POST /button_page_function => generated 99 bytes in 2003 msecs (HTTP/1.1 200) 2 headers in 79 bytes (1 switches on core 1)
------------------------------[1] this is a message from python print------------------------------END
CRITICAL:root:------------------------------[2] this is a message from logging module--------------------END
[pid: 1588375|app: 0|req: 12/11] 172.31.40.172 () {46 vars in 791 bytes} [Sat Sep 23 06:39:34 2023] POST /button_page_function => generated 99 bytes in 2003 msecs (HTTP/1.1 200) 2 headers in 79 bytes (1 switches on core 0)
------------------------------[1] this is a message from python print------------------------------END
CRITICAL:root:------------------------------[2] this is a message from logging module--------------------END
[pid: 1588375|app: 0|req: 12/12] 172.31.40.172 () {46 vars in 791 bytes} [Sat Sep 23 06:39:34 2023] POST /button_page_function => generated 99 bytes in 2003 msecs (HTTP/1.1 200) 2 headers in 79 bytes (1 switches on core 1)
*** Starting uWSGI 2.0.22 (64bit) on [Sat Sep 23 06:41:37 2023] ***
compiled with version: 9.4.0 on 31 August 2023 23:45:00
os: Linux-5.15.0-72-generic #79~20.04.1-Ubuntu SMP Thu Apr 20 22:12:07 UTC 2023
nodename: en4217394l
machine: x86_64
clock source: unix
detected number of CPU cores: 32
current working directory: /home/local/ASUAD/shijielu/Sysdig_Web
writing pidfile to /home/local/ASUAD/shijielu/Sysdig_Web/uwsgi/uwsgi.pid
detected binary path: /home/local/ASUAD/shijielu/.local/bin/uwsgi
!!! no internal routing support, rebuild with pcre support !!!
chdir() to /home/local/ASUAD/shijielu/Sysdig_Web
your processes number limit is 513797
your memory page size is 4096 bytes
detected max file descriptor number: 1024
lock engine: pthread robust mutexes
thunder lock: disabled (you can enable it with --thunder-lock)
uwsgi socket 0 bound to TCP address 0.0.0.0:5010 fd 4
Python version: 3.8.10 (default, May 26 2023, 14:05:08)  [GCC 9.4.0]
Python main interpreter initialized at 0x55e2524283a0
python threads support enabled
your server socket listen backlog is limited to 100 connections
your mercy for graceful operations on workers is 60 seconds
mapped 166688 bytes (162 KB) for 2 cores
*** Operational MODE: threaded ***
WSGI app 0 (mountpoint='') ready in 0 seconds on interpreter 0x55e2524283a0 pid: 1596095 (default app)
*** uWSGI is running in multiple interpreter mode ***
spawned uWSGI master process (pid: 1596095)
spawned uWSGI worker 1 (pid: 1596097, cores: 2)
*** Starting uWSGI 2.0.22 (64bit) on [Sat Sep 23 06:41:41 2023] ***
compiled with version: 9.4.0 on 31 August 2023 23:45:00
os: Linux-5.15.0-72-generic #79~20.04.1-Ubuntu SMP Thu Apr 20 22:12:07 UTC 2023
nodename: en4217394l
machine: x86_64
clock source: unix
detected number of CPU cores: 32
current working directory: /home/local/ASUAD/shijielu/Sysdig_Web
writing pidfile to /home/local/ASUAD/shijielu/Sysdig_Web/uwsgi/uwsgi.pid
detected binary path: /home/local/ASUAD/shijielu/.local/bin/uwsgi
!!! no internal routing support, rebuild with pcre support !!!
chdir() to /home/local/ASUAD/shijielu/Sysdig_Web
your processes number limit is 513797
your memory page size is 4096 bytes
detected max file descriptor number: 1024
lock engine: pthread robust mutexes
thunder lock: disabled (you can enable it with --thunder-lock)
uwsgi socket 0 bound to TCP address 0.0.0.0:5012 fd 4
Python version: 3.8.10 (default, May 26 2023, 14:05:08)  [GCC 9.4.0]
Python main interpreter initialized at 0x55b901d8b3a0
python threads support enabled
your server socket listen backlog is limited to 100 connections
your mercy for graceful operations on workers is 60 seconds
mapped 166688 bytes (162 KB) for 2 cores
*** Operational MODE: threaded ***
WSGI app 0 (mountpoint='') ready in 0 seconds on interpreter 0x55b901d8b3a0 pid: 1596101 (default app)
*** uWSGI is running in multiple interpreter mode ***
spawned uWSGI master process (pid: 1596101)
spawned uWSGI worker 1 (pid: 1596103, cores: 2)
*** Starting uWSGI 2.0.22 (64bit) on [Sat Sep 23 06:41:43 2023] ***
compiled with version: 9.4.0 on 31 August 2023 23:45:00
os: Linux-5.15.0-72-generic #79~20.04.1-Ubuntu SMP Thu Apr 20 22:12:07 UTC 2023
nodename: en4217394l
machine: x86_64
clock source: unix
detected number of CPU cores: 32
current working directory: /home/local/ASUAD/shijielu/Sysdig_Web
writing pidfile to /home/local/ASUAD/shijielu/Sysdig_Web/uwsgi/uwsgi.pid
detected binary path: /home/local/ASUAD/shijielu/.local/bin/uwsgi
!!! no internal routing support, rebuild with pcre support !!!
chdir() to /home/local/ASUAD/shijielu/Sysdig_Web
your processes number limit is 513797
your memory page size is 4096 bytes
detected max file descriptor number: 1024
lock engine: pthread robust mutexes
thunder lock: disabled (you can enable it with --thunder-lock)
uwsgi socket 0 bound to TCP address 0.0.0.0:5013 fd 4
Python version: 3.8.10 (default, May 26 2023, 14:05:08)  [GCC 9.4.0]
Python main interpreter initialized at 0x563754f053a0
python threads support enabled
your server socket listen backlog is limited to 100 connections
your mercy for graceful operations on workers is 60 seconds
mapped 166688 bytes (162 KB) for 2 cores
*** Operational MODE: threaded ***
WSGI app 0 (mountpoint='') ready in 0 seconds on interpreter 0x563754f053a0 pid: 1596107 (default app)
*** uWSGI is running in multiple interpreter mode ***
spawned uWSGI master process (pid: 1596107)
spawned uWSGI worker 1 (pid: 1596109, cores: 2)
*** Starting uWSGI 2.0.22 (64bit) on [Sat Sep 23 06:41:46 2023] ***
compiled with version: 9.4.0 on 31 August 2023 23:45:00
os: Linux-5.15.0-72-generic #79~20.04.1-Ubuntu SMP Thu Apr 20 22:12:07 UTC 2023
nodename: en4217394l
machine: x86_64
clock source: unix
detected number of CPU cores: 32
current working directory: /home/local/ASUAD/shijielu/Sysdig_Web
writing pidfile to /home/local/ASUAD/shijielu/Sysdig_Web/uwsgi/uwsgi.pid
detected binary path: /home/local/ASUAD/shijielu/.local/bin/uwsgi
!!! no internal routing support, rebuild with pcre support !!!
chdir() to /home/local/ASUAD/shijielu/Sysdig_Web
your processes number limit is 513797
your memory page size is 4096 bytes
detected max file descriptor number: 1024
lock engine: pthread robust mutexes
thunder lock: disabled (you can enable it with --thunder-lock)
uwsgi socket 0 bound to TCP address 0.0.0.0:5014 fd 4
Python version: 3.8.10 (default, May 26 2023, 14:05:08)  [GCC 9.4.0]
Python main interpreter initialized at 0x55a1ec28d3a0
python threads support enabled
your server socket listen backlog is limited to 100 connections
your mercy for graceful operations on workers is 60 seconds
mapped 166688 bytes (162 KB) for 2 cores
*** Operational MODE: threaded ***
WSGI app 0 (mountpoint='') ready in 0 seconds on interpreter 0x55a1ec28d3a0 pid: 1596116 (default app)
*** uWSGI is running in multiple interpreter mode ***
spawned uWSGI master process (pid: 1596116)
spawned uWSGI worker 1 (pid: 1596118, cores: 2)
*** Starting uWSGI 2.0.22 (64bit) on [Sat Sep 23 06:41:48 2023] ***
compiled with version: 9.4.0 on 31 August 2023 23:45:00
os: Linux-5.15.0-72-generic #79~20.04.1-Ubuntu SMP Thu Apr 20 22:12:07 UTC 2023
nodename: en4217394l
machine: x86_64
clock source: unix
detected number of CPU cores: 32
current working directory: /home/local/ASUAD/shijielu/Sysdig_Web
writing pidfile to /home/local/ASUAD/shijielu/Sysdig_Web/uwsgi/uwsgi.pid
detected binary path: /home/local/ASUAD/shijielu/.local/bin/uwsgi
!!! no internal routing support, rebuild with pcre support !!!
chdir() to /home/local/ASUAD/shijielu/Sysdig_Web
your processes number limit is 513797
your memory page size is 4096 bytes
detected max file descriptor number: 1024
lock engine: pthread robust mutexes
thunder lock: disabled (you can enable it with --thunder-lock)
uwsgi socket 0 bound to TCP address 0.0.0.0:5015 fd 4
Python version: 3.8.10 (default, May 26 2023, 14:05:08)  [GCC 9.4.0]
Python main interpreter initialized at 0x55eea5bfc3a0
python threads support enabled
your server socket listen backlog is limited to 100 connections
your mercy for graceful operations on workers is 60 seconds
mapped 166688 bytes (162 KB) for 2 cores
*** Operational MODE: threaded ***
WSGI app 0 (mountpoint='') ready in 0 seconds on interpreter 0x55eea5bfc3a0 pid: 1596122 (default app)
*** uWSGI is running in multiple interpreter mode ***
spawned uWSGI master process (pid: 1596122)
spawned uWSGI worker 1 (pid: 1596124, cores: 2)
*** Starting uWSGI 2.0.22 (64bit) on [Sat Sep 23 06:41:51 2023] ***
compiled with version: 9.4.0 on 31 August 2023 23:45:00
os: Linux-5.15.0-72-generic #79~20.04.1-Ubuntu SMP Thu Apr 20 22:12:07 UTC 2023
nodename: en4217394l
machine: x86_64
clock source: unix
detected number of CPU cores: 32
current working directory: /home/local/ASUAD/shijielu/Sysdig_Web
writing pidfile to /home/local/ASUAD/shijielu/Sysdig_Web/uwsgi/uwsgi.pid
detected binary path: /home/local/ASUAD/shijielu/.local/bin/uwsgi
!!! no internal routing support, rebuild with pcre support !!!
chdir() to /home/local/ASUAD/shijielu/Sysdig_Web
your processes number limit is 513797
your memory page size is 4096 bytes
detected max file descriptor number: 1024
lock engine: pthread robust mutexes
thunder lock: disabled (you can enable it with --thunder-lock)
uwsgi socket 0 bound to TCP address 0.0.0.0:5016 fd 4
Python version: 3.8.10 (default, May 26 2023, 14:05:08)  [GCC 9.4.0]
Python main interpreter initialized at 0x55dfe12533a0
python threads support enabled
your server socket listen backlog is limited to 100 connections
your mercy for graceful operations on workers is 60 seconds
mapped 166688 bytes (162 KB) for 2 cores
*** Operational MODE: threaded ***
WSGI app 0 (mountpoint='') ready in 0 seconds on interpreter 0x55dfe12533a0 pid: 1596128 (default app)
*** uWSGI is running in multiple interpreter mode ***
spawned uWSGI master process (pid: 1596128)
spawned uWSGI worker 1 (pid: 1596130, cores: 2)
*** Starting uWSGI 2.0.22 (64bit) on [Sat Sep 23 06:41:54 2023] ***
compiled with version: 9.4.0 on 31 August 2023 23:45:00
os: Linux-5.15.0-72-generic #79~20.04.1-Ubuntu SMP Thu Apr 20 22:12:07 UTC 2023
nodename: en4217394l
machine: x86_64
clock source: unix
detected number of CPU cores: 32
current working directory: /home/local/ASUAD/shijielu/Sysdig_Web
writing pidfile to /home/local/ASUAD/shijielu/Sysdig_Web/uwsgi/uwsgi.pid
detected binary path: /home/local/ASUAD/shijielu/.local/bin/uwsgi
!!! no internal routing support, rebuild with pcre support !!!
chdir() to /home/local/ASUAD/shijielu/Sysdig_Web
your processes number limit is 513797
your memory page size is 4096 bytes
detected max file descriptor number: 1024
lock engine: pthread robust mutexes
thunder lock: disabled (you can enable it with --thunder-lock)
uwsgi socket 0 bound to TCP address 0.0.0.0:5017 fd 4
Python version: 3.8.10 (default, May 26 2023, 14:05:08)  [GCC 9.4.0]
Python main interpreter initialized at 0x55aab4dc83a0
python threads support enabled
your server socket listen backlog is limited to 100 connections
your mercy for graceful operations on workers is 60 seconds
mapped 166688 bytes (162 KB) for 2 cores
*** Operational MODE: threaded ***
WSGI app 0 (mountpoint='') ready in 0 seconds on interpreter 0x55aab4dc83a0 pid: 1596135 (default app)
*** uWSGI is running in multiple interpreter mode ***
spawned uWSGI master process (pid: 1596135)
spawned uWSGI worker 1 (pid: 1596137, cores: 2)
*** Starting uWSGI 2.0.22 (64bit) on [Sat Sep 23 06:41:56 2023] ***
compiled with version: 9.4.0 on 31 August 2023 23:45:00
os: Linux-5.15.0-72-generic #79~20.04.1-Ubuntu SMP Thu Apr 20 22:12:07 UTC 2023
nodename: en4217394l
machine: x86_64
clock source: unix
detected number of CPU cores: 32
current working directory: /home/local/ASUAD/shijielu/Sysdig_Web
writing pidfile to /home/local/ASUAD/shijielu/Sysdig_Web/uwsgi/uwsgi.pid
detected binary path: /home/local/ASUAD/shijielu/.local/bin/uwsgi
!!! no internal routing support, rebuild with pcre support !!!
chdir() to /home/local/ASUAD/shijielu/Sysdig_Web
your processes number limit is 513797
your memory page size is 4096 bytes
detected max file descriptor number: 1024
lock engine: pthread robust mutexes
thunder lock: disabled (you can enable it with --thunder-lock)
uwsgi socket 0 bound to TCP address 0.0.0.0:5018 fd 4
Python version: 3.8.10 (default, May 26 2023, 14:05:08)  [GCC 9.4.0]
Python main interpreter initialized at 0x55c7caad43a0
python threads support enabled
your server socket listen backlog is limited to 100 connections
your mercy for graceful operations on workers is 60 seconds
mapped 166688 bytes (162 KB) for 2 cores
*** Operational MODE: threaded ***
WSGI app 0 (mountpoint='') ready in 0 seconds on interpreter 0x55c7caad43a0 pid: 1596141 (default app)
*** uWSGI is running in multiple interpreter mode ***
spawned uWSGI master process (pid: 1596141)
spawned uWSGI worker 1 (pid: 1596143, cores: 2)
*** Starting uWSGI 2.0.22 (64bit) on [Sat Sep 23 06:41:59 2023] ***
compiled with version: 9.4.0 on 31 August 2023 23:45:00
os: Linux-5.15.0-72-generic #79~20.04.1-Ubuntu SMP Thu Apr 20 22:12:07 UTC 2023
nodename: en4217394l
machine: x86_64
clock source: unix
detected number of CPU cores: 32
current working directory: /home/local/ASUAD/shijielu/Sysdig_Web
writing pidfile to /home/local/ASUAD/shijielu/Sysdig_Web/uwsgi/uwsgi.pid
detected binary path: /home/local/ASUAD/shijielu/.local/bin/uwsgi
!!! no internal routing support, rebuild with pcre support !!!
chdir() to /home/local/ASUAD/shijielu/Sysdig_Web
your processes number limit is 513797
your memory page size is 4096 bytes
detected max file descriptor number: 1024
lock engine: pthread robust mutexes
thunder lock: disabled (you can enable it with --thunder-lock)
uwsgi socket 0 bound to TCP address 0.0.0.0:5019 fd 4
Python version: 3.8.10 (default, May 26 2023, 14:05:08)  [GCC 9.4.0]
Python main interpreter initialized at 0x55f3d582e3a0
python threads support enabled
your server socket listen backlog is limited to 100 connections
your mercy for graceful operations on workers is 60 seconds
mapped 166688 bytes (162 KB) for 2 cores
*** Operational MODE: threaded ***
WSGI app 0 (mountpoint='') ready in 0 seconds on interpreter 0x55f3d582e3a0 pid: 1596147 (default app)
*** uWSGI is running in multiple interpreter mode ***
spawned uWSGI master process (pid: 1596147)
spawned uWSGI worker 1 (pid: 1596149, cores: 2)
[pid: 1596137|app: 0|req: 1/1] 172.31.40.172 () {42 vars in 752 bytes} [Sat Sep 23 06:42:06 2023] GET / => generated 1342 bytes in 8 msecs (HTTP/1.1 200) 2 headers in 81 bytes (1 switches on core 0)
[pid: 1596137|app: 0|req: 2/2] 172.31.40.172 () {42 vars in 752 bytes} [Sat Sep 23 07:07:39 2023] GET / => generated 1342 bytes in 0 msecs (HTTP/1.1 200) 2 headers in 81 bytes (1 switches on core 1)
[pid: 1596137|app: 0|req: 3/3] 172.31.40.38 () {40 vars in 720 bytes} [Sun Sep 24 01:04:48 2023] GET / => generated 1342 bytes in 61 msecs (HTTP/1.1 200) 2 headers in 81 bytes (1 switches on core 0)
[pid: 1596137|app: 0|req: 4/4] 172.31.40.38 () {40 vars in 678 bytes} [Sun Sep 24 01:04:49 2023] GET /favicon.ico => generated 207 bytes in 11 msecs (HTTP/1.1 404) 2 headers in 87 bytes (1 switches on core 1)
[pid: 1596103|app: 0|req: 1/1] 172.31.32.94 () {40 vars in 720 bytes} [Sun Sep 24 19:42:51 2023] GET / => generated 1342 bytes in 175 msecs (HTTP/1.1 200) 2 headers in 81 bytes (1 switches on core 0)
[pid: 1596103|app: 0|req: 2/2] 172.31.32.94 () {40 vars in 678 bytes} [Sun Sep 24 19:42:52 2023] GET /favicon.ico => generated 207 bytes in 6 msecs (HTTP/1.1 404) 2 headers in 87 bytes (1 switches on core 1)
[pid: 1596103|app: 0|req: 3/3] 172.31.32.94 () {40 vars in 720 bytes} [Sun Sep 24 19:44:29 2023] GET / => generated 1342 bytes in 1 msecs (HTTP/1.1 200) 2 headers in 81 bytes (1 switches on core 0)
[pid: 1596103|app: 0|req: 4/4] 172.31.32.94 () {40 vars in 678 bytes} [Sun Sep 24 19:44:30 2023] GET /favicon.ico => generated 207 bytes in 0 msecs (HTTP/1.1 404) 2 headers in 87 bytes (1 switches on core 1)
[pid: 1596103|app: 0|req: 5/5] 172.31.32.94 () {40 vars in 720 bytes} [Sun Sep 24 20:12:13 2023] GET / => generated 1342 bytes in 66 msecs (HTTP/1.1 200) 2 headers in 81 bytes (1 switches on core 0)
*** Starting uWSGI 2.0.22 (64bit) on [Sun Sep 24 22:47:13 2023] ***
compiled with version: 9.4.0 on 31 August 2023 23:45:00
os: Linux-5.15.0-72-generic #79~20.04.1-Ubuntu SMP Thu Apr 20 22:12:07 UTC 2023
nodename: en4217394l
machine: x86_64
clock source: unix
detected number of CPU cores: 32
current working directory: /home/local/ASUAD/shijielu/Sysdig_Web
writing pidfile to /home/local/ASUAD/shijielu/Sysdig_Web/uwsgi/uwsgi.pid
detected binary path: /home/local/ASUAD/shijielu/.local/bin/uwsgi
!!! no internal routing support, rebuild with pcre support !!!
chdir() to /home/local/ASUAD/shijielu/Sysdig_Web
your processes number limit is 513797
your memory page size is 4096 bytes
detected max file descriptor number: 1024
lock engine: pthread robust mutexes
thunder lock: disabled (you can enable it with --thunder-lock)
probably another instance of uWSGI is running on the same address (0.0.0.0:5010).
bind(): Address already in use [core/socket.c line 769]
*** Starting uWSGI 2.0.22 (64bit) on [Sun Sep 24 22:47:13 2023] ***
compiled with version: 9.4.0 on 31 August 2023 23:45:00
os: Linux-5.15.0-72-generic #79~20.04.1-Ubuntu SMP Thu Apr 20 22:12:07 UTC 2023
nodename: en4217394l
machine: x86_64
clock source: unix
detected number of CPU cores: 32
current working directory: /home/local/ASUAD/shijielu/Sysdig_Web
writing pidfile to /home/local/ASUAD/shijielu/Sysdig_Web/uwsgi/uwsgi.pid
detected binary path: /home/local/ASUAD/shijielu/.local/bin/uwsgi
!!! no internal routing support, rebuild with pcre support !!!
chdir() to /home/local/ASUAD/shijielu/Sysdig_Web
your processes number limit is 513797
your memory page size is 4096 bytes
detected max file descriptor number: 1024
lock engine: pthread robust mutexes
thunder lock: disabled (you can enable it with --thunder-lock)
probably another instance of uWSGI is running on the same address (0.0.0.0:5012).
bind(): Address already in use [core/socket.c line 769]
*** Starting uWSGI 2.0.22 (64bit) on [Sun Sep 24 22:47:13 2023] ***
compiled with version: 9.4.0 on 31 August 2023 23:45:00
os: Linux-5.15.0-72-generic #79~20.04.1-Ubuntu SMP Thu Apr 20 22:12:07 UTC 2023
nodename: en4217394l
machine: x86_64
clock source: unix
detected number of CPU cores: 32
current working directory: /home/local/ASUAD/shijielu/Sysdig_Web
writing pidfile to /home/local/ASUAD/shijielu/Sysdig_Web/uwsgi/uwsgi.pid
detected binary path: /home/local/ASUAD/shijielu/.local/bin/uwsgi
!!! no internal routing support, rebuild with pcre support !!!
chdir() to /home/local/ASUAD/shijielu/Sysdig_Web
your processes number limit is 513797
your memory page size is 4096 bytes
detected max file descriptor number: 1024
lock engine: pthread robust mutexes
thunder lock: disabled (you can enable it with --thunder-lock)
probably another instance of uWSGI is running on the same address (0.0.0.0:5013).
bind(): Address already in use [core/socket.c line 769]
*** Starting uWSGI 2.0.22 (64bit) on [Sun Sep 24 22:47:13 2023] ***
compiled with version: 9.4.0 on 31 August 2023 23:45:00
os: Linux-5.15.0-72-generic #79~20.04.1-Ubuntu SMP Thu Apr 20 22:12:07 UTC 2023
nodename: en4217394l
machine: x86_64
clock source: unix
detected number of CPU cores: 32
current working directory: /home/local/ASUAD/shijielu/Sysdig_Web
writing pidfile to /home/local/ASUAD/shijielu/Sysdig_Web/uwsgi/uwsgi.pid
detected binary path: /home/local/ASUAD/shijielu/.local/bin/uwsgi
!!! no internal routing support, rebuild with pcre support !!!
chdir() to /home/local/ASUAD/shijielu/Sysdig_Web
your processes number limit is 513797
your memory page size is 4096 bytes
detected max file descriptor number: 1024
lock engine: pthread robust mutexes
thunder lock: disabled (you can enable it with --thunder-lock)
probably another instance of uWSGI is running on the same address (0.0.0.0:5014).
bind(): Address already in use [core/socket.c line 769]
*** Starting uWSGI 2.0.22 (64bit) on [Sun Sep 24 22:47:13 2023] ***
compiled with version: 9.4.0 on 31 August 2023 23:45:00
os: Linux-5.15.0-72-generic #79~20.04.1-Ubuntu SMP Thu Apr 20 22:12:07 UTC 2023
nodename: en4217394l
machine: x86_64
clock source: unix
detected number of CPU cores: 32
current working directory: /home/local/ASUAD/shijielu/Sysdig_Web
writing pidfile to /home/local/ASUAD/shijielu/Sysdig_Web/uwsgi/uwsgi.pid
detected binary path: /home/local/ASUAD/shijielu/.local/bin/uwsgi
!!! no internal routing support, rebuild with pcre support !!!
chdir() to /home/local/ASUAD/shijielu/Sysdig_Web
your processes number limit is 513797
your memory page size is 4096 bytes
detected max file descriptor number: 1024
lock engine: pthread robust mutexes
thunder lock: disabled (you can enable it with --thunder-lock)
probably another instance of uWSGI is running on the same address (0.0.0.0:5015).
bind(): Address already in use [core/socket.c line 769]
*** Starting uWSGI 2.0.22 (64bit) on [Sun Sep 24 22:47:13 2023] ***
compiled with version: 9.4.0 on 31 August 2023 23:45:00
os: Linux-5.15.0-72-generic #79~20.04.1-Ubuntu SMP Thu Apr 20 22:12:07 UTC 2023
nodename: en4217394l
machine: x86_64
clock source: unix
detected number of CPU cores: 32
current working directory: /home/local/ASUAD/shijielu/Sysdig_Web
writing pidfile to /home/local/ASUAD/shijielu/Sysdig_Web/uwsgi/uwsgi.pid
detected binary path: /home/local/ASUAD/shijielu/.local/bin/uwsgi
!!! no internal routing support, rebuild with pcre support !!!
chdir() to /home/local/ASUAD/shijielu/Sysdig_Web
your processes number limit is 513797
your memory page size is 4096 bytes
detected max file descriptor number: 1024
lock engine: pthread robust mutexes
thunder lock: disabled (you can enable it with --thunder-lock)
probably another instance of uWSGI is running on the same address (0.0.0.0:5016).
bind(): Address already in use [core/socket.c line 769]
*** Starting uWSGI 2.0.22 (64bit) on [Sun Sep 24 22:47:13 2023] ***
compiled with version: 9.4.0 on 31 August 2023 23:45:00
os: Linux-5.15.0-72-generic #79~20.04.1-Ubuntu SMP Thu Apr 20 22:12:07 UTC 2023
nodename: en4217394l
machine: x86_64
clock source: unix
detected number of CPU cores: 32
current working directory: /home/local/ASUAD/shijielu/Sysdig_Web
writing pidfile to /home/local/ASUAD/shijielu/Sysdig_Web/uwsgi/uwsgi.pid
detected binary path: /home/local/ASUAD/shijielu/.local/bin/uwsgi
!!! no internal routing support, rebuild with pcre support !!!
chdir() to /home/local/ASUAD/shijielu/Sysdig_Web
your processes number limit is 513797
your memory page size is 4096 bytes
detected max file descriptor number: 1024
lock engine: pthread robust mutexes
thunder lock: disabled (you can enable it with --thunder-lock)
probably another instance of uWSGI is running on the same address (0.0.0.0:5017).
bind(): Address already in use [core/socket.c line 769]
*** Starting uWSGI 2.0.22 (64bit) on [Sun Sep 24 22:47:13 2023] ***
compiled with version: 9.4.0 on 31 August 2023 23:45:00
os: Linux-5.15.0-72-generic #79~20.04.1-Ubuntu SMP Thu Apr 20 22:12:07 UTC 2023
nodename: en4217394l
machine: x86_64
clock source: unix
detected number of CPU cores: 32
current working directory: /home/local/ASUAD/shijielu/Sysdig_Web
writing pidfile to /home/local/ASUAD/shijielu/Sysdig_Web/uwsgi/uwsgi.pid
detected binary path: /home/local/ASUAD/shijielu/.local/bin/uwsgi
!!! no internal routing support, rebuild with pcre support !!!
chdir() to /home/local/ASUAD/shijielu/Sysdig_Web
your processes number limit is 513797
your memory page size is 4096 bytes
detected max file descriptor number: 1024
lock engine: pthread robust mutexes
thunder lock: disabled (you can enable it with --thunder-lock)
probably another instance of uWSGI is running on the same address (0.0.0.0:5018).
bind(): Address already in use [core/socket.c line 769]
*** Starting uWSGI 2.0.22 (64bit) on [Sun Sep 24 22:47:14 2023] ***
compiled with version: 9.4.0 on 31 August 2023 23:45:00
os: Linux-5.15.0-72-generic #79~20.04.1-Ubuntu SMP Thu Apr 20 22:12:07 UTC 2023
nodename: en4217394l
machine: x86_64
clock source: unix
detected number of CPU cores: 32
current working directory: /home/local/ASUAD/shijielu/Sysdig_Web
writing pidfile to /home/local/ASUAD/shijielu/Sysdig_Web/uwsgi/uwsgi.pid
detected binary path: /home/local/ASUAD/shijielu/.local/bin/uwsgi
!!! no internal routing support, rebuild with pcre support !!!
chdir() to /home/local/ASUAD/shijielu/Sysdig_Web
your processes number limit is 513797
your memory page size is 4096 bytes
detected max file descriptor number: 1024
lock engine: pthread robust mutexes
thunder lock: disabled (you can enable it with --thunder-lock)
probably another instance of uWSGI is running on the same address (0.0.0.0:5019).
bind(): Address already in use [core/socket.c line 769]
[pid: 1596103|app: 0|req: 6/6] 172.31.32.94 () {40 vars in 720 bytes} [Sun Sep 24 22:47:57 2023] GET / => generated 1342 bytes in 84 msecs (HTTP/1.1 200) 2 headers in 81 bytes (1 switches on core 1)
[pid: 1596103|app: 0|req: 7/7] 172.31.32.94 () {40 vars in 678 bytes} [Sun Sep 24 22:47:57 2023] GET /favicon.ico => generated 207 bytes in 171 msecs (HTTP/1.1 404) 2 headers in 87 bytes (1 switches on core 0)
[pid: 1596103|app: 0|req: 8/8] 172.31.32.94 () {42 vars in 751 bytes} [Sun Sep 24 22:48:02 2023] GET / => generated 1342 bytes in 62 msecs (HTTP/1.1 200) 2 headers in 81 bytes (1 switches on core 1)
[pid: 1596103|app: 0|req: 9/9] 172.31.32.94 () {42 vars in 751 bytes} [Sun Sep 24 22:48:03 2023] GET / => generated 1342 bytes in 0 msecs (HTTP/1.1 200) 2 headers in 81 bytes (1 switches on core 0)
[pid: 1596103|app: 0|req: 10/10] 172.31.32.94 () {42 vars in 751 bytes} [Sun Sep 24 22:48:04 2023] GET / => generated 1342 bytes in 0 msecs (HTTP/1.1 200) 2 headers in 81 bytes (1 switches on core 1)
invalid request block size: 21573 (max 4096)...skip
invalid request block size: 21573 (max 4096)...skip
invalid request block size: 21573 (max 4096)...skip
invalid request block size: 21573 (max 4096)...skip
invalid request block size: 21573 (max 4096)...skip
*** Starting uWSGI 2.0.22 (64bit) on [Sun Sep 24 22:49:27 2023] ***
compiled with version: 9.4.0 on 31 August 2023 23:45:00
os: Linux-5.15.0-72-generic #79~20.04.1-Ubuntu SMP Thu Apr 20 22:12:07 UTC 2023
nodename: en4217394l
machine: x86_64
clock source: unix
detected number of CPU cores: 32
current working directory: /home/local/ASUAD/shijielu/Sysdig_Web
writing pidfile to /home/local/ASUAD/shijielu/Sysdig_Web/uwsgi/uwsgi.pid
detected binary path: /home/local/ASUAD/shijielu/.local/bin/uwsgi
!!! no internal routing support, rebuild with pcre support !!!
chdir() to /home/local/ASUAD/shijielu/Sysdig_Web
your processes number limit is 513797
your memory page size is 4096 bytes
detected max file descriptor number: 1024
lock engine: pthread robust mutexes
thunder lock: disabled (you can enable it with --thunder-lock)
probably another instance of uWSGI is running on the same address (0.0.0.0:5010).
bind(): Address already in use [core/socket.c line 769]
invalid request block size: 21573 (max 4096)...skip
invalid request block size: 21573 (max 4096)...skip
invalid request block size: 21573 (max 4096)...skip
invalid request block size: 21573 (max 4096)...skip
invalid request block size: 21573 (max 4096)...skip
invalid request block size: 21573 (max 4096)...skip
[pid: 1596103|app: 0|req: 11/11] 172.31.32.94 () {40 vars in 720 bytes} [Sun Sep 24 22:52:51 2023] GET / => generated 1342 bytes in 8 msecs (HTTP/1.1 200) 2 headers in 81 bytes (1 switches on core 0)
[pid: 1596103|app: 0|req: 12/12] 172.31.32.94 () {42 vars in 751 bytes} [Sun Sep 24 22:52:54 2023] GET / => generated 1342 bytes in 0 msecs (HTTP/1.1 200) 2 headers in 81 bytes (1 switches on core 1)
[pid: 1596103|app: 0|req: 13/13] 172.31.32.94 () {42 vars in 751 bytes} [Sun Sep 24 22:52:55 2023] GET / => generated 1342 bytes in 0 msecs (HTTP/1.1 200) 2 headers in 81 bytes (1 switches on core 0)
*** Starting uWSGI 2.0.22 (64bit) on [Sun Sep 24 22:54:06 2023] ***
compiled with version: 9.4.0 on 31 August 2023 23:45:00
os: Linux-5.15.0-72-generic #79~20.04.1-Ubuntu SMP Thu Apr 20 22:12:07 UTC 2023
nodename: en4217394l
machine: x86_64
clock source: unix
detected number of CPU cores: 32
current working directory: /home/local/ASUAD/shijielu/Sysdig_Web
writing pidfile to /home/local/ASUAD/shijielu/Sysdig_Web/uwsgi/uwsgi.pid
detected binary path: /home/local/ASUAD/shijielu/.local/bin/uwsgi
!!! no internal routing support, rebuild with pcre support !!!
chdir() to /home/local/ASUAD/shijielu/Sysdig_Web
your processes number limit is 513797
your memory page size is 4096 bytes
detected max file descriptor number: 1024
lock engine: pthread robust mutexes
thunder lock: disabled (you can enable it with --thunder-lock)
probably another instance of uWSGI is running on the same address (0.0.0.0:5010).
bind(): Address already in use [core/socket.c line 769]
invalid request block size: 21573 (max 4096)...skip
invalid request block size: 21573 (max 4096)...skip
invalid request block size: 21573 (max 4096)...skip
invalid request block size: 21573 (max 4096)...skip
invalid request block size: 21573 (max 4096)...skip
invalid request block size: 21573 (max 4096)...skip
invalid request block size: 21573 (max 4096)...skip
[pid: 1596103|app: 0|req: 14/14] 172.31.32.94 () {42 vars in 751 bytes} [Sun Sep 24 22:58:21 2023] GET / => generated 1342 bytes in 10 msecs (HTTP/1.1 200) 2 headers in 81 bytes (1 switches on core 1)
[pid: 1596103|app: 0|req: 15/15] 172.31.32.94 () {42 vars in 751 bytes} [Sun Sep 24 22:58:58 2023] GET / => generated 1342 bytes in 0 msecs (HTTP/1.1 200) 2 headers in 81 bytes (1 switches on core 0)
[pid: 1596103|app: 0|req: 16/16] 172.31.32.94 () {44 vars in 773 bytes} [Sun Sep 24 22:59:00 2023] GET / => generated 1342 bytes in 0 msecs (HTTP/1.1 200) 2 headers in 81 bytes (1 switches on core 1)
[pid: 1596103|app: 0|req: 17/17] 172.31.32.94 () {44 vars in 731 bytes} [Sun Sep 24 22:59:01 2023] GET /favicon.ico => generated 207 bytes in 9 msecs (HTTP/1.1 404) 2 headers in 87 bytes (1 switches on core 0)
[pid: 1596103|app: 0|req: 18/18] 172.31.32.94 () {44 vars in 773 bytes} [Sun Sep 24 22:59:04 2023] GET / => generated 1342 bytes in 4 msecs (HTTP/1.1 200) 2 headers in 81 bytes (1 switches on core 1)
[pid: 1596103|app: 0|req: 19/19] 172.31.32.94 () {44 vars in 731 bytes} [Sun Sep 24 22:59:04 2023] GET /favicon.ico => generated 207 bytes in 2 msecs (HTTP/1.1 404) 2 headers in 87 bytes (1 switches on core 0)
[pid: 1596103|app: 0|req: 20/20] 172.31.32.94 () {40 vars in 720 bytes} [Sun Sep 24 23:02:16 2023] GET / => generated 1342 bytes in 10 msecs (HTTP/1.1 200) 2 headers in 81 bytes (1 switches on core 1)
[pid: 1596103|app: 0|req: 21/21] 172.31.32.94 () {40 vars in 678 bytes} [Sun Sep 24 23:02:16 2023] GET /favicon.ico => generated 207 bytes in 1 msecs (HTTP/1.1 404) 2 headers in 87 bytes (1 switches on core 0)
[pid: 1596103|app: 0|req: 22/22] 172.31.32.94 () {40 vars in 720 bytes} [Sun Sep 24 23:03:04 2023] GET / => generated 1342 bytes in 1 msecs (HTTP/1.1 200) 2 headers in 81 bytes (1 switches on core 1)
[pid: 1596103|app: 0|req: 23/23] 172.31.32.94 () {40 vars in 678 bytes} [Sun Sep 24 23:03:04 2023] GET /favicon.ico => generated 207 bytes in 0 msecs (HTTP/1.1 404) 2 headers in 87 bytes (1 switches on core 0)
*** Starting uWSGI 2.0.22 (64bit) on [Sun Sep 24 23:05:27 2023] ***
compiled with version: 9.4.0 on 31 August 2023 23:45:00
os: Linux-5.15.0-72-generic #79~20.04.1-Ubuntu SMP Thu Apr 20 22:12:07 UTC 2023
nodename: en4217394l
machine: x86_64
clock source: unix
detected number of CPU cores: 32
current working directory: /home/local/ASUAD/shijielu/Sysdig_Web
writing pidfile to /home/local/ASUAD/shijielu/Sysdig_Web/uwsgi/uwsgi.pid
detected binary path: /home/local/ASUAD/shijielu/.local/bin/uwsgi
!!! no internal routing support, rebuild with pcre support !!!
chdir() to /home/local/ASUAD/shijielu/Sysdig_Web
your processes number limit is 513797
your memory page size is 4096 bytes
detected max file descriptor number: 1024
lock engine: pthread robust mutexes
thunder lock: disabled (you can enable it with --thunder-lock)
uwsgi socket 0 bound to TCP address 0.0.0.0:5010 fd 4
Python version: 3.8.10 (default, May 26 2023, 14:05:08)  [GCC 9.4.0]
*** Starting uWSGI 2.0.22 (64bit) on [Sun Sep 24 23:05:27 2023] ***
compiled with version: 9.4.0 on 31 August 2023 23:45:00
os: Linux-5.15.0-72-generic #79~20.04.1-Ubuntu SMP Thu Apr 20 22:12:07 UTC 2023
nodename: en4217394l
machine: x86_64
clock source: unix
detected number of CPU cores: 32
current working directory: /home/local/ASUAD/shijielu/Sysdig_Web
writing pidfile to /home/local/ASUAD/shijielu/Sysdig_Web/uwsgi/uwsgi.pid
detected binary path: /home/local/ASUAD/shijielu/.local/bin/uwsgi
!!! no internal routing support, rebuild with pcre support !!!
chdir() to /home/local/ASUAD/shijielu/Sysdig_Web
your processes number limit is 513797
your memory page size is 4096 bytes
detected max file descriptor number: 1024
lock engine: pthread robust mutexes
thunder lock: disabled (you can enable it with --thunder-lock)
uwsgi socket 0 bound to TCP address 0.0.0.0:5012 fd 4
Python version: 3.8.10 (default, May 26 2023, 14:05:08)  [GCC 9.4.0]
*** Starting uWSGI 2.0.22 (64bit) on [Sun Sep 24 23:05:27 2023] ***
compiled with version: 9.4.0 on 31 August 2023 23:45:00
os: Linux-5.15.0-72-generic #79~20.04.1-Ubuntu SMP Thu Apr 20 22:12:07 UTC 2023
nodename: en4217394l
machine: x86_64
clock source: unix
detected number of CPU cores: 32
current working directory: /home/local/ASUAD/shijielu/Sysdig_Web
writing pidfile to /home/local/ASUAD/shijielu/Sysdig_Web/uwsgi/uwsgi.pid
detected binary path: /home/local/ASUAD/shijielu/.local/bin/uwsgi
!!! no internal routing support, rebuild with pcre support !!!
chdir() to /home/local/ASUAD/shijielu/Sysdig_Web
your processes number limit is 513797
your memory page size is 4096 bytes
detected max file descriptor number: 1024
lock engine: pthread robust mutexes
thunder lock: disabled (you can enable it with --thunder-lock)
uwsgi socket 0 bound to TCP address 0.0.0.0:5013 fd 4
Python version: 3.8.10 (default, May 26 2023, 14:05:08)  [GCC 9.4.0]
*** Starting uWSGI 2.0.22 (64bit) on [Sun Sep 24 23:05:27 2023] ***
compiled with version: 9.4.0 on 31 August 2023 23:45:00
os: Linux-5.15.0-72-generic #79~20.04.1-Ubuntu SMP Thu Apr 20 22:12:07 UTC 2023
nodename: en4217394l
machine: x86_64
clock source: unix
detected number of CPU cores: 32
current working directory: /home/local/ASUAD/shijielu/Sysdig_Web
writing pidfile to /home/local/ASUAD/shijielu/Sysdig_Web/uwsgi/uwsgi.pid
detected binary path: /home/local/ASUAD/shijielu/.local/bin/uwsgi
!!! no internal routing support, rebuild with pcre support !!!
chdir() to /home/local/ASUAD/shijielu/Sysdig_Web
your processes number limit is 513797
your memory page size is 4096 bytes
detected max file descriptor number: 1024
lock engine: pthread robust mutexes
thunder lock: disabled (you can enable it with --thunder-lock)
uwsgi socket 0 bound to TCP address 0.0.0.0:5014 fd 4
Python version: 3.8.10 (default, May 26 2023, 14:05:08)  [GCC 9.4.0]
Python main interpreter initialized at 0x5568381593a0
python threads support enabled
your server socket listen backlog is limited to 100 connections
your mercy for graceful operations on workers is 60 seconds
mapped 166688 bytes (162 KB) for 2 cores
*** Operational MODE: threaded ***
Python main interpreter initialized at 0x557b1541d3a0
python threads support enabled
your server socket listen backlog is limited to 100 connections
your mercy for graceful operations on workers is 60 seconds
mapped 166688 bytes (162 KB) for 2 cores
*** Operational MODE: threaded ***
Python main interpreter initialized at 0x557c61c8c3a0
python threads support enabled
your server socket listen backlog is limited to 100 connections
your mercy for graceful operations on workers is 60 seconds
mapped 166688 bytes (162 KB) for 2 cores
*** Operational MODE: threaded ***
*** Starting uWSGI 2.0.22 (64bit) on [Sun Sep 24 23:05:27 2023] ***
compiled with version: 9.4.0 on 31 August 2023 23:45:00
os: Linux-5.15.0-72-generic #79~20.04.1-Ubuntu SMP Thu Apr 20 22:12:07 UTC 2023
nodename: en4217394l
machine: x86_64
clock source: unix
detected number of CPU cores: 32
current working directory: /home/local/ASUAD/shijielu/Sysdig_Web
writing pidfile to /home/local/ASUAD/shijielu/Sysdig_Web/uwsgi/uwsgi.pid
detected binary path: /home/local/ASUAD/shijielu/.local/bin/uwsgi
!!! no internal routing support, rebuild with pcre support !!!
chdir() to /home/local/ASUAD/shijielu/Sysdig_Web
your processes number limit is 513797
your memory page size is 4096 bytes
detected max file descriptor number: 1024
lock engine: pthread robust mutexes
thunder lock: disabled (you can enable it with --thunder-lock)
uwsgi socket 0 bound to TCP address 0.0.0.0:5015 fd 4
Python version: 3.8.10 (default, May 26 2023, 14:05:08)  [GCC 9.4.0]
Python main interpreter initialized at 0x558b7d88c3a0
python threads support enabled
your server socket listen backlog is limited to 100 connections
your mercy for graceful operations on workers is 60 seconds
mapped 166688 bytes (162 KB) for 2 cores
*** Operational MODE: threaded ***
*** Starting uWSGI 2.0.22 (64bit) on [Sun Sep 24 23:05:27 2023] ***
compiled with version: 9.4.0 on 31 August 2023 23:45:00
os: Linux-5.15.0-72-generic #79~20.04.1-Ubuntu SMP Thu Apr 20 22:12:07 UTC 2023
nodename: en4217394l
machine: x86_64
clock source: unix
detected number of CPU cores: 32
current working directory: /home/local/ASUAD/shijielu/Sysdig_Web
writing pidfile to /home/local/ASUAD/shijielu/Sysdig_Web/uwsgi/uwsgi.pid
detected binary path: /home/local/ASUAD/shijielu/.local/bin/uwsgi
!!! no internal routing support, rebuild with pcre support !!!
chdir() to /home/local/ASUAD/shijielu/Sysdig_Web
your processes number limit is 513797
your memory page size is 4096 bytes
detected max file descriptor number: 1024
lock engine: pthread robust mutexes
thunder lock: disabled (you can enable it with --thunder-lock)
uwsgi socket 0 bound to TCP address 0.0.0.0:5016 fd 4
Python version: 3.8.10 (default, May 26 2023, 14:05:08)  [GCC 9.4.0]
Python main interpreter initialized at 0x55eb4c3083a0
python threads support enabled
your server socket listen backlog is limited to 100 connections
your mercy for graceful operations on workers is 60 seconds
mapped 166688 bytes (162 KB) for 2 cores
*** Operational MODE: threaded ***
*** Starting uWSGI 2.0.22 (64bit) on [Sun Sep 24 23:05:27 2023] ***
compiled with version: 9.4.0 on 31 August 2023 23:45:00
os: Linux-5.15.0-72-generic #79~20.04.1-Ubuntu SMP Thu Apr 20 22:12:07 UTC 2023
nodename: en4217394l
machine: x86_64
clock source: unix
detected number of CPU cores: 32
current working directory: /home/local/ASUAD/shijielu/Sysdig_Web
writing pidfile to /home/local/ASUAD/shijielu/Sysdig_Web/uwsgi/uwsgi.pid
detected binary path: /home/local/ASUAD/shijielu/.local/bin/uwsgi
!!! no internal routing support, rebuild with pcre support !!!
chdir() to /home/local/ASUAD/shijielu/Sysdig_Web
your processes number limit is 513797
your memory page size is 4096 bytes
detected max file descriptor number: 1024
lock engine: pthread robust mutexes
thunder lock: disabled (you can enable it with --thunder-lock)
uwsgi socket 0 bound to TCP address 0.0.0.0:5017 fd 4
Python version: 3.8.10 (default, May 26 2023, 14:05:08)  [GCC 9.4.0]
Python main interpreter initialized at 0x55bf6a16f3a0
python threads support enabled
your server socket listen backlog is limited to 100 connections
your mercy for graceful operations on workers is 60 seconds
mapped 166688 bytes (162 KB) for 2 cores
*** Operational MODE: threaded ***
*** Starting uWSGI 2.0.22 (64bit) on [Sun Sep 24 23:05:27 2023] ***
compiled with version: 9.4.0 on 31 August 2023 23:45:00
os: Linux-5.15.0-72-generic #79~20.04.1-Ubuntu SMP Thu Apr 20 22:12:07 UTC 2023
nodename: en4217394l
machine: x86_64
clock source: unix
detected number of CPU cores: 32
current working directory: /home/local/ASUAD/shijielu/Sysdig_Web
writing pidfile to /home/local/ASUAD/shijielu/Sysdig_Web/uwsgi/uwsgi.pid
detected binary path: /home/local/ASUAD/shijielu/.local/bin/uwsgi
!!! no internal routing support, rebuild with pcre support !!!
chdir() to /home/local/ASUAD/shijielu/Sysdig_Web
your processes number limit is 513797
your memory page size is 4096 bytes
detected max file descriptor number: 1024
lock engine: pthread robust mutexes
thunder lock: disabled (you can enable it with --thunder-lock)
uwsgi socket 0 bound to TCP address 0.0.0.0:5018 fd 4
Python version: 3.8.10 (default, May 26 2023, 14:05:08)  [GCC 9.4.0]
Python main interpreter initialized at 0x5616d57ff3a0
python threads support enabled
your server socket listen backlog is limited to 100 connections
your mercy for graceful operations on workers is 60 seconds
mapped 166688 bytes (162 KB) for 2 cores
*** Operational MODE: threaded ***
Python main interpreter initialized at 0x55a3e7dca3a0
python threads support enabled
your server socket listen backlog is limited to 100 connections
your mercy for graceful operations on workers is 60 seconds
mapped 166688 bytes (162 KB) for 2 cores
*** Operational MODE: threaded ***
WSGI app 0 (mountpoint='') ready in 1 seconds on interpreter 0x55bf6a16f3a0 pid: 1834649 (default app)
WSGI app 0 (mountpoint='') ready in 1 seconds on interpreter 0x558b7d88c3a0 pid: 1834643 (default app)
*** uWSGI is running in multiple interpreter mode ***
spawned uWSGI master process (pid: 1834649)
*** uWSGI is running in multiple interpreter mode ***
spawned uWSGI master process (pid: 1834643)
WSGI app 0 (mountpoint='') ready in 1 seconds on interpreter 0x557c61c8c3a0 pid: 1834640 (default app)
WSGI app 0 (mountpoint='') ready in 1 seconds on interpreter 0x557b1541d3a0 pid: 1834628 (default app)
*** uWSGI is running in multiple interpreter mode ***
spawned uWSGI master process (pid: 1834640)
*** uWSGI is running in multiple interpreter mode ***
spawned uWSGI master process (pid: 1834628)
WSGI app 0 (mountpoint='') ready in 1 seconds on interpreter 0x55eb4c3083a0 pid: 1834646 (default app)
*** uWSGI is running in multiple interpreter mode ***
spawned uWSGI master process (pid: 1834646)
WSGI app 0 (mountpoint='') ready in 1 seconds on interpreter 0x55a3e7dca3a0 pid: 1834655 (default app)
WSGI app 0 (mountpoint='') ready in 1 seconds on interpreter 0x5568381593a0 pid: 1834637 (default app)
*** uWSGI is running in multiple interpreter mode ***
spawned uWSGI master process (pid: 1834655)
WSGI app 0 (mountpoint='') ready in 1 seconds on interpreter 0x5616d57ff3a0 pid: 1834652 (default app)
*** uWSGI is running in multiple interpreter mode ***
spawned uWSGI master process (pid: 1834637)
*** uWSGI is running in multiple interpreter mode ***
spawned uWSGI master process (pid: 1834652)
spawned uWSGI worker 1 (pid: 1834670, cores: 2)
spawned uWSGI worker 1 (pid: 1834671, cores: 2)
spawned uWSGI worker 1 (pid: 1834672, cores: 2)
spawned uWSGI worker 1 (pid: 1834673, cores: 2)
spawned uWSGI worker 1 (pid: 1834674, cores: 2)
spawned uWSGI worker 1 (pid: 1834675, cores: 2)
spawned uWSGI worker 1 (pid: 1834676, cores: 2)
spawned uWSGI worker 1 (pid: 1834677, cores: 2)
*** Starting uWSGI 2.0.22 (64bit) on [Sun Sep 24 23:05:30 2023] ***
compiled with version: 9.4.0 on 31 August 2023 23:45:00
os: Linux-5.15.0-72-generic #79~20.04.1-Ubuntu SMP Thu Apr 20 22:12:07 UTC 2023
nodename: en4217394l
machine: x86_64
clock source: unix
detected number of CPU cores: 32
current working directory: /home/local/ASUAD/shijielu/Sysdig_Web
writing pidfile to /home/local/ASUAD/shijielu/Sysdig_Web/uwsgi/uwsgi.pid
detected binary path: /home/local/ASUAD/shijielu/.local/bin/uwsgi
!!! no internal routing support, rebuild with pcre support !!!
chdir() to /home/local/ASUAD/shijielu/Sysdig_Web
your processes number limit is 513797
your memory page size is 4096 bytes
detected max file descriptor number: 1024
lock engine: pthread robust mutexes
thunder lock: disabled (you can enable it with --thunder-lock)
uwsgi socket 0 bound to TCP address 0.0.0.0:5019 fd 4
Python version: 3.8.10 (default, May 26 2023, 14:05:08)  [GCC 9.4.0]
Python main interpreter initialized at 0x55876a55c3a0
python threads support enabled
your server socket listen backlog is limited to 100 connections
your mercy for graceful operations on workers is 60 seconds
mapped 166688 bytes (162 KB) for 2 cores
*** Operational MODE: threaded ***
WSGI app 0 (mountpoint='') ready in 0 seconds on interpreter 0x55876a55c3a0 pid: 1834706 (default app)
*** uWSGI is running in multiple interpreter mode ***
spawned uWSGI master process (pid: 1834706)
spawned uWSGI worker 1 (pid: 1834708, cores: 2)
[pid: 1834677|app: 0|req: 1/1] 172.31.32.94 () {42 vars in 751 bytes} [Sun Sep 24 23:06:17 2023] GET / => generated 5562 bytes in 7 msecs (HTTP/1.1 200) 2 headers in 81 bytes (1 switches on core 0)
[pid: 1834677|app: 0|req: 2/2] 172.31.32.94 () {40 vars in 698 bytes} [Sun Sep 24 23:06:25 2023] GET /download_file?filename=sysdig_log.txt => generated 1275000 bytes in 4 msecs via sendfile() (HTTP/1.1 200) 7 headers in 297 bytes (0 switches on core 1)
[pid: 1834677|app: 0|req: 3/3] 172.31.32.94 () {46 vars in 790 bytes} [Sun Sep 24 23:06:32 2023] POST /button_page_function => generated 35 bytes in 113 msecs (HTTP/1.1 200) 2 headers in 79 bytes (1 switches on core 0)
[pid: 1834677|app: 0|req: 4/4] 172.31.32.94 () {46 vars in 782 bytes} [Sun Sep 24 23:06:35 2023] POST /registerform_str => generated 16 bytes in 56 msecs (HTTP/1.1 200) 2 headers in 79 bytes (1 switches on core 1)
[pid: 1834677|app: 0|req: 5/5] 172.31.32.94 () {46 vars in 790 bytes} [Sun Sep 24 23:06:36 2023] POST /button_page_function => generated 13 bytes in 29 msecs (HTTP/1.1 200) 2 headers in 79 bytes (1 switches on core 0)
[pid: 1834677|app: 0|req: 6/6] 172.31.32.94 () {46 vars in 782 bytes} [Sun Sep 24 23:06:39 2023] POST /registerform_str => generated 23 bytes in 456 msecs (HTTP/1.1 200) 2 headers in 79 bytes (1 switches on core 1)
[pid: 1834677|app: 0|req: 7/7] 172.31.32.94 () {42 vars in 751 bytes} [Sun Sep 24 23:10:34 2023] GET / => generated 5562 bytes in 10 msecs (HTTP/1.1 200) 2 headers in 81 bytes (1 switches on core 0)
[pid: 1834677|app: 0|req: 8/8] 172.31.32.94 () {42 vars in 751 bytes} [Sun Sep 24 23:10:34 2023] GET / => generated 5562 bytes in 0 msecs (HTTP/1.1 200) 2 headers in 81 bytes (1 switches on core 1)
[pid: 1834677|app: 0|req: 9/9] 172.31.32.94 () {42 vars in 751 bytes} [Sun Sep 24 23:10:35 2023] GET / => generated 5562 bytes in 0 msecs (HTTP/1.1 200) 2 headers in 81 bytes (1 switches on core 0)
[pid: 1834677|app: 0|req: 10/10] 172.31.32.94 () {42 vars in 751 bytes} [Sun Sep 24 23:10:35 2023] GET / => generated 5562 bytes in 0 msecs (HTTP/1.1 200) 2 headers in 81 bytes (1 switches on core 1)
[pid: 1834677|app: 0|req: 11/11] 172.31.32.94 () {42 vars in 751 bytes} [Sun Sep 24 23:10:35 2023] GET / => generated 5562 bytes in 0 msecs (HTTP/1.1 200) 2 headers in 81 bytes (1 switches on core 0)
[pid: 1834677|app: 0|req: 12/12] 172.31.32.94 () {42 vars in 751 bytes} [Sun Sep 24 23:10:36 2023] GET / => generated 5562 bytes in 0 msecs (HTTP/1.1 200) 2 headers in 81 bytes (1 switches on core 1)
[pid: 1834677|app: 0|req: 13/13] 172.31.32.94 () {42 vars in 751 bytes} [Sun Sep 24 23:10:36 2023] GET / => generated 5562 bytes in 0 msecs (HTTP/1.1 200) 2 headers in 81 bytes (1 switches on core 0)
[pid: 1834677|app: 0|req: 14/14] 172.31.32.94 () {42 vars in 751 bytes} [Sun Sep 24 23:10:36 2023] GET / => generated 5562 bytes in 0 msecs (HTTP/1.1 200) 2 headers in 81 bytes (1 switches on core 1)
[pid: 1834677|app: 0|req: 15/15] 172.31.32.94 () {42 vars in 751 bytes} [Sun Sep 24 23:10:36 2023] GET / => generated 5562 bytes in 0 msecs (HTTP/1.1 200) 2 headers in 81 bytes (1 switches on core 0)
[pid: 1834677|app: 0|req: 16/16] 172.31.32.94 () {42 vars in 751 bytes} [Sun Sep 24 23:10:37 2023] GET / => generated 5562 bytes in 0 msecs (HTTP/1.1 200) 2 headers in 81 bytes (1 switches on core 1)
[pid: 1834677|app: 0|req: 17/17] 172.31.32.94 () {42 vars in 751 bytes} [Sun Sep 24 23:10:43 2023] GET / => generated 5562 bytes in 0 msecs (HTTP/1.1 200) 2 headers in 81 bytes (1 switches on core 0)
[pid: 1834677|app: 0|req: 18/18] 172.31.32.94 () {42 vars in 751 bytes} [Sun Sep 24 23:10:43 2023] GET / => generated 5562 bytes in 0 msecs (HTTP/1.1 200) 2 headers in 81 bytes (1 switches on core 1)
[pid: 1834677|app: 0|req: 19/19] 172.31.32.94 () {42 vars in 751 bytes} [Sun Sep 24 23:10:43 2023] GET / => generated 5562 bytes in 0 msecs (HTTP/1.1 200) 2 headers in 81 bytes (1 switches on core 0)
[pid: 1834677|app: 0|req: 20/20] 172.31.32.94 () {42 vars in 751 bytes} [Sun Sep 24 23:10:43 2023] GET / => generated 5562 bytes in 0 msecs (HTTP/1.1 200) 2 headers in 81 bytes (1 switches on core 1)
[pid: 1834677|app: 0|req: 21/21] 172.31.32.94 () {42 vars in 751 bytes} [Sun Sep 24 23:10:43 2023] GET / => generated 5562 bytes in 0 msecs (HTTP/1.1 200) 2 headers in 81 bytes (1 switches on core 0)
[pid: 1834677|app: 0|req: 22/22] 172.31.32.94 () {42 vars in 751 bytes} [Sun Sep 24 23:10:46 2023] GET / => generated 5562 bytes in 0 msecs (HTTP/1.1 200) 2 headers in 81 bytes (1 switches on core 1)
[pid: 1834677|app: 0|req: 23/23] 172.31.32.94 () {46 vars in 790 bytes} [Sun Sep 24 23:11:35 2023] POST /button_page_function => generated 35 bytes in 88 msecs (HTTP/1.1 200) 2 headers in 79 bytes (1 switches on core 0)
[pid: 1834677|app: 0|req: 24/24] 172.31.32.94 () {46 vars in 790 bytes} [Sun Sep 24 23:11:41 2023] POST /button_page_function => generated 35 bytes in 20 msecs (HTTP/1.1 200) 2 headers in 79 bytes (1 switches on core 1)
[pid: 1834677|app: 0|req: 25/25] 172.31.32.94 () {46 vars in 782 bytes} [Sun Sep 24 23:11:48 2023] POST /registerform_str => generated 23 bytes in 63 msecs (HTTP/1.1 200) 2 headers in 79 bytes (1 switches on core 0)
[pid: 1834677|app: 0|req: 26/26] 172.31.32.94 () {46 vars in 790 bytes} [Sun Sep 24 23:11:55 2023] POST /button_page_function => generated 13 bytes in 24 msecs (HTTP/1.1 200) 2 headers in 79 bytes (1 switches on core 1)
[pid: 1834677|app: 0|req: 27/27] 172.31.32.94 () {46 vars in 790 bytes} [Sun Sep 24 23:24:55 2023] POST /button_page_function => generated 35 bytes in 149 msecs (HTTP/1.1 200) 2 headers in 79 bytes (1 switches on core 0)
[pid: 1834677|app: 0|req: 28/28] 172.31.32.94 () {46 vars in 782 bytes} [Sun Sep 24 23:24:56 2023] POST /registerform_str => generated 16 bytes in 28 msecs (HTTP/1.1 200) 2 headers in 79 bytes (1 switches on core 1)
[pid: 1834677|app: 0|req: 29/29] 172.31.32.94 () {46 vars in 782 bytes} [Sun Sep 24 23:24:58 2023] POST /registerform_str => generated 23 bytes in 14 msecs (HTTP/1.1 200) 2 headers in 79 bytes (1 switches on core 0)
[pid: 1834677|app: 0|req: 30/30] 172.31.32.94 () {46 vars in 782 bytes} [Sun Sep 24 23:24:58 2023] POST /registerform_str => generated 23 bytes in 16 msecs (HTTP/1.1 200) 2 headers in 79 bytes (1 switches on core 1)
[pid: 1834677|app: 0|req: 31/31] 172.31.32.94 () {46 vars in 782 bytes} [Sun Sep 24 23:24:58 2023] POST /registerform_str => generated 23 bytes in 11 msecs (HTTP/1.1 200) 2 headers in 79 bytes (1 switches on core 0)
[pid: 1834677|app: 0|req: 32/32] 172.31.32.94 () {46 vars in 790 bytes} [Sun Sep 24 23:24:59 2023] POST /button_page_function => generated 13 bytes in 14 msecs (HTTP/1.1 200) 2 headers in 79 bytes (1 switches on core 1)
[pid: 1834677|app: 0|req: 33/33] 172.31.32.94 () {46 vars in 790 bytes} [Sun Sep 24 23:25:07 2023] POST /button_page_function => generated 35 bytes in 9 msecs (HTTP/1.1 200) 2 headers in 79 bytes (1 switches on core 0)
[pid: 1834677|app: 0|req: 34/34] 172.31.32.94 () {46 vars in 782 bytes} [Sun Sep 24 23:25:08 2023] POST /registerform_str => generated 16 bytes in 19 msecs (HTTP/1.1 200) 2 headers in 79 bytes (1 switches on core 1)
[pid: 1834677|app: 0|req: 35/35] 172.31.32.94 () {46 vars in 790 bytes} [Sun Sep 24 23:25:09 2023] POST /button_page_function => generated 13 bytes in 10 msecs (HTTP/1.1 200) 2 headers in 79 bytes (1 switches on core 0)
[pid: 1834677|app: 0|req: 36/36] 172.31.32.94 () {46 vars in 790 bytes} [Sun Sep 24 23:25:10 2023] POST /button_page_function => generated 13 bytes in 17 msecs (HTTP/1.1 200) 2 headers in 79 bytes (1 switches on core 1)
[pid: 1834677|app: 0|req: 37/37] 172.31.32.94 () {40 vars in 704 bytes} [Sun Sep 24 23:35:51 2023] GET /download_file?filename=large_Picture.jpg => generated 637500000 bytes in 2440 msecs via sendfile() (HTTP/1.1 200) 7 headers in 290 bytes (0 switches on core 0)
[pid: 1834677|app: 0|req: 38/38] 172.31.32.94 () {44 vars in 813 bytes} [Sun Sep 24 23:52:51 2023] GET /download_file?filename=sysdig_log.txt => generated 1275000 bytes in 108 msecs via sendfile() (HTTP/1.1 200) 7 headers in 297 bytes (0 switches on core 1)
[pid: 1834677|app: 0|req: 39/39] 172.31.32.94 () {40 vars in 692 bytes} [Sun Sep 24 23:52:59 2023] GET /download_file?filename=archive.zip => generated 12750000 bytes in 42 msecs via sendfile() (HTTP/1.1 200) 7 headers in 287 bytes (0 switches on core 0)
[pid: 1834677|app: 0|req: 40/40] 172.31.32.94 () {44 vars in 809 bytes} [Sun Sep 24 23:53:20 2023] GET /download_file?filename=archive.zip => generated 12750000 bytes in 25 msecs via sendfile() (HTTP/1.1 200) 7 headers in 287 bytes (0 switches on core 1)
[pid: 1834677|app: 0|req: 41/41] 172.31.32.94 () {40 vars in 704 bytes} [Sun Sep 24 23:55:28 2023] GET /download_file?filename=large_Picture.jpg => generated 637500000 bytes in 3152 msecs via sendfile() (HTTP/1.1 200) 7 headers in 290 bytes (0 switches on core 0)
[pid: 1834672|app: 0|req: 1/1] 10.155.20.166 () {40 vars in 721 bytes} [Sun Oct  1 18:33:47 2023] GET / => generated 5562 bytes in 176 msecs (HTTP/1.1 200) 2 headers in 81 bytes (1 switches on core 0)
[pid: 1834672|app: 0|req: 2/2] 10.155.20.166 () {40 vars in 679 bytes} [Sun Oct  1 18:33:48 2023] GET /favicon.ico => generated 207 bytes in 6 msecs (HTTP/1.1 404) 2 headers in 87 bytes (1 switches on core 1)
[pid: 1834672|app: 0|req: 3/3] 10.155.20.166 () {46 vars in 791 bytes} [Sun Oct  1 18:33:52 2023] POST /button_page_function => generated 35 bytes in 129 msecs (HTTP/1.1 200) 2 headers in 79 bytes (1 switches on core 0)
[pid: 1834672|app: 0|req: 4/4] 10.155.20.166 () {46 vars in 791 bytes} [Sun Oct  1 18:33:55 2023] POST /button_page_function => generated 35 bytes in 20 msecs (HTTP/1.1 200) 2 headers in 79 bytes (1 switches on core 1)
[pid: 1834672|app: 0|req: 5/5] 10.155.20.166 () {46 vars in 783 bytes} [Sun Oct  1 18:33:59 2023] POST /registerform_str => generated 16 bytes in 35 msecs (HTTP/1.1 200) 2 headers in 79 bytes (1 switches on core 0)
[pid: 1834672|app: 0|req: 6/6] 10.155.20.166 () {46 vars in 791 bytes} [Sun Oct  1 18:34:00 2023] POST /button_page_function => generated 13 bytes in 36 msecs (HTTP/1.1 200) 2 headers in 79 bytes (1 switches on core 1)
[pid: 1834672|app: 0|req: 7/7] 10.155.20.166 () {46 vars in 783 bytes} [Sun Oct  1 18:34:03 2023] POST /registerform_str => generated 23 bytes in 28 msecs (HTTP/1.1 200) 2 headers in 79 bytes (1 switches on core 0)
[pid: 1834672|app: 0|req: 8/8] 10.155.20.166 () {46 vars in 783 bytes} [Sun Oct  1 18:34:06 2023] POST /registerform_str => generated 23 bytes in 29 msecs (HTTP/1.1 200) 2 headers in 79 bytes (1 switches on core 1)
[pid: 1834672|app: 0|req: 9/9] 10.155.20.166 () {40 vars in 721 bytes} [Sun Oct  1 19:37:35 2023] GET / => generated 5562 bytes in 86 msecs (HTTP/1.1 200) 2 headers in 81 bytes (1 switches on core 0)
[pid: 1834672|app: 0|req: 10/10] 10.155.20.166 () {40 vars in 679 bytes} [Sun Oct  1 19:37:35 2023] GET /favicon.ico => generated 207 bytes in 14 msecs (HTTP/1.1 404) 2 headers in 87 bytes (1 switches on core 1)
[pid: 1834672|app: 0|req: 11/11] 10.155.20.166 () {46 vars in 783 bytes} [Sun Oct  1 19:37:54 2023] POST /registerform_str => generated 16 bytes in 121 msecs (HTTP/1.1 200) 2 headers in 79 bytes (1 switches on core 0)
[pid: 1834672|app: 0|req: 12/12] 10.155.20.166 () {46 vars in 783 bytes} [Sun Oct  1 19:38:00 2023] POST /registerform_str => generated 16 bytes in 22 msecs (HTTP/1.1 200) 2 headers in 79 bytes (1 switches on core 1)
[pid: 1834672|app: 0|req: 13/13] 10.155.20.166 () {46 vars in 783 bytes} [Sun Oct  1 19:38:05 2023] POST /registerform_str => generated 16 bytes in 26 msecs (HTTP/1.1 200) 2 headers in 79 bytes (1 switches on core 0)
[pid: 1834672|app: 0|req: 14/14] 10.155.20.166 () {46 vars in 783 bytes} [Sun Oct  1 19:38:09 2023] POST /registerform_str => generated 16 bytes in 22 msecs (HTTP/1.1 200) 2 headers in 79 bytes (1 switches on core 1)
[pid: 1834672|app: 0|req: 15/15] 10.155.20.166 () {46 vars in 783 bytes} [Sun Oct  1 19:38:13 2023] POST /registerform_str => generated 16 bytes in 27 msecs (HTTP/1.1 200) 2 headers in 79 bytes (1 switches on core 0)
[pid: 1834672|app: 0|req: 16/16] 10.155.20.166 () {46 vars in 783 bytes} [Sun Oct  1 19:47:46 2023] POST /registerform_str => generated 23 bytes in 76 msecs (HTTP/1.1 200) 2 headers in 79 bytes (1 switches on core 1)
[pid: 1834672|app: 0|req: 17/17] 10.155.20.166 () {46 vars in 783 bytes} [Sun Oct  1 19:47:49 2023] POST /registerform_str => generated 23 bytes in 50 msecs (HTTP/1.1 200) 2 headers in 79 bytes (1 switches on core 0)
[pid: 1834672|app: 0|req: 18/18] 10.155.20.166 () {46 vars in 783 bytes} [Sun Oct  1 19:47:52 2023] POST /registerform_str => generated 23 bytes in 20 msecs (HTTP/1.1 200) 2 headers in 79 bytes (1 switches on core 1)
[pid: 1834672|app: 0|req: 19/19] 10.155.20.166 () {46 vars in 783 bytes} [Sun Oct  1 19:47:54 2023] POST /registerform_str => generated 23 bytes in 24 msecs (HTTP/1.1 200) 2 headers in 79 bytes (1 switches on core 0)
[pid: 1834672|app: 0|req: 20/20] 10.155.20.166 () {46 vars in 783 bytes} [Sun Oct  1 19:47:56 2023] POST /registerform_str => generated 23 bytes in 19 msecs (HTTP/1.1 200) 2 headers in 79 bytes (1 switches on core 1)
[pid: 1834672|app: 0|req: 21/21] 10.155.20.166 () {46 vars in 783 bytes} [Sun Oct  1 19:47:57 2023] POST /registerform_str => generated 23 bytes in 22 msecs (HTTP/1.1 200) 2 headers in 79 bytes (1 switches on core 0)
[pid: 1834672|app: 0|req: 22/22] 10.155.20.166 () {46 vars in 783 bytes} [Sun Oct  1 19:47:59 2023] POST /registerform_str => generated 23 bytes in 19 msecs (HTTP/1.1 200) 2 headers in 79 bytes (1 switches on core 1)
[pid: 1834672|app: 0|req: 23/23] 10.155.20.166 () {46 vars in 783 bytes} [Sun Oct  1 19:48:01 2023] POST /registerform_str => generated 23 bytes in 16 msecs (HTTP/1.1 200) 2 headers in 79 bytes (1 switches on core 0)
[pid: 1834672|app: 0|req: 24/24] 10.155.20.166 () {46 vars in 783 bytes} [Sun Oct  1 19:48:03 2023] POST /registerform_str => generated 23 bytes in 10 msecs (HTTP/1.1 200) 2 headers in 79 bytes (1 switches on core 1)
[pid: 1834672|app: 0|req: 25/25] 172.31.42.252 () {40 vars in 721 bytes} [Mon Oct  2 02:11:50 2023] GET / => generated 5562 bytes in 92 msecs (HTTP/1.1 200) 2 headers in 81 bytes (1 switches on core 0)
[pid: 1834672|app: 0|req: 26/26] 172.31.42.252 () {40 vars in 679 bytes} [Mon Oct  2 02:11:50 2023] GET /favicon.ico => generated 207 bytes in 19 msecs (HTTP/1.1 404) 2 headers in 87 bytes (1 switches on core 1)
[pid: 1834672|app: 0|req: 27/27] 172.31.42.252 () {46 vars in 791 bytes} [Mon Oct  2 02:12:16 2023] POST /button_page_function => generated 35 bytes in 72 msecs (HTTP/1.1 200) 2 headers in 79 bytes (1 switches on core 0)
[pid: 1834672|app: 0|req: 28/28] 172.31.42.252 () {46 vars in 791 bytes} [Mon Oct  2 02:12:18 2023] POST /button_page_function => generated 35 bytes in 29 msecs (HTTP/1.1 200) 2 headers in 79 bytes (1 switches on core 1)
[pid: 1834672|app: 0|req: 29/29] 172.31.42.252 () {46 vars in 791 bytes} [Mon Oct  2 02:12:21 2023] POST /button_page_function => generated 35 bytes in 25 msecs (HTTP/1.1 200) 2 headers in 79 bytes (1 switches on core 0)
[pid: 1834672|app: 0|req: 30/30] 172.31.42.252 () {46 vars in 783 bytes} [Mon Oct  2 02:12:27 2023] POST /registerform_str => generated 16 bytes in 28 msecs (HTTP/1.1 200) 2 headers in 79 bytes (1 switches on core 1)
[pid: 1834672|app: 0|req: 31/31] 172.31.42.252 () {46 vars in 791 bytes} [Mon Oct  2 02:12:28 2023] POST /button_page_function => generated 13 bytes in 24 msecs (HTTP/1.1 200) 2 headers in 79 bytes (1 switches on core 0)
[pid: 1834672|app: 0|req: 32/32] 172.31.42.252 () {46 vars in 791 bytes} [Mon Oct  2 02:12:30 2023] POST /button_page_function => generated 35 bytes in 24 msecs (HTTP/1.1 200) 2 headers in 79 bytes (1 switches on core 1)
[pid: 1834672|app: 0|req: 33/33] 172.31.42.252 () {46 vars in 783 bytes} [Mon Oct  2 02:12:32 2023] POST /registerform_str => generated 23 bytes in 24 msecs (HTTP/1.1 200) 2 headers in 79 bytes (1 switches on core 0)
[pid: 1834672|app: 0|req: 34/34] 172.31.42.252 () {46 vars in 791 bytes} [Mon Oct  2 02:12:33 2023] POST /button_page_function => generated 35 bytes in 19 msecs (HTTP/1.1 200) 2 headers in 79 bytes (1 switches on core 1)
[pid: 1834672|app: 0|req: 35/35] 172.31.42.252 () {46 vars in 791 bytes} [Mon Oct  2 02:12:33 2023] POST /button_page_function => generated 35 bytes in 18 msecs (HTTP/1.1 200) 2 headers in 79 bytes (1 switches on core 0)
[pid: 1834672|app: 0|req: 36/36] 172.31.42.252 () {46 vars in 791 bytes} [Mon Oct  2 02:12:34 2023] POST /button_page_function => generated 35 bytes in 17 msecs (HTTP/1.1 200) 2 headers in 79 bytes (1 switches on core 1)
[pid: 1834672|app: 0|req: 37/37] 172.31.42.252 () {46 vars in 783 bytes} [Mon Oct  2 02:12:34 2023] POST /registerform_str => generated 23 bytes in 20 msecs (HTTP/1.1 200) 2 headers in 79 bytes (1 switches on core 0)
[pid: 1834672|app: 0|req: 38/38] 172.31.42.252 () {46 vars in 783 bytes} [Mon Oct  2 02:12:35 2023] POST /registerform_str => generated 23 bytes in 15 msecs (HTTP/1.1 200) 2 headers in 79 bytes (1 switches on core 1)
[pid: 1834672|app: 0|req: 39/39] 172.31.42.252 () {46 vars in 791 bytes} [Mon Oct  2 02:12:35 2023] POST /button_page_function => generated 13 bytes in 16 msecs (HTTP/1.1 200) 2 headers in 79 bytes (1 switches on core 0)
[pid: 1834672|app: 0|req: 40/40] 172.31.42.252 () {46 vars in 783 bytes} [Mon Oct  2 02:17:03 2023] POST /registerform_str => generated 16 bytes in 20 msecs (HTTP/1.1 200) 2 headers in 79 bytes (1 switches on core 1)
[pid: 1834672|app: 0|req: 41/41] 172.31.42.252 () {46 vars in 783 bytes} [Mon Oct  2 02:17:06 2023] POST /registerform_str => generated 16 bytes in 19 msecs (HTTP/1.1 200) 2 headers in 79 bytes (1 switches on core 0)
[pid: 1834672|app: 0|req: 42/42] 172.31.42.252 () {46 vars in 783 bytes} [Mon Oct  2 02:17:11 2023] POST /registerform_str => generated 16 bytes in 17 msecs (HTTP/1.1 200) 2 headers in 79 bytes (1 switches on core 1)
[pid: 1834672|app: 0|req: 43/43] 172.31.42.252 () {46 vars in 783 bytes} [Mon Oct  2 02:17:14 2023] POST /registerform_str => generated 16 bytes in 19 msecs (HTTP/1.1 200) 2 headers in 79 bytes (1 switches on core 0)
[pid: 1834672|app: 0|req: 44/44] 172.31.42.252 () {46 vars in 783 bytes} [Mon Oct  2 02:17:16 2023] POST /registerform_str => generated 16 bytes in 21 msecs (HTTP/1.1 200) 2 headers in 79 bytes (1 switches on core 1)
[pid: 1834672|app: 0|req: 45/45] 172.31.42.252 () {42 vars in 752 bytes} [Mon Oct  2 02:20:07 2023] GET / => generated 5562 bytes in 0 msecs (HTTP/1.1 200) 2 headers in 81 bytes (1 switches on core 0)
[pid: 1834672|app: 0|req: 46/46] 172.31.42.252 () {44 vars in 814 bytes} [Mon Oct  2 02:20:10 2023] GET /download_file?filename=sysdig_log.txt => generated 1275000 bytes in 43 msecs via sendfile() (HTTP/1.1 200) 7 headers in 297 bytes (0 switches on core 1)
[pid: 1834672|app: 0|req: 47/47] 172.31.42.252 () {44 vars in 814 bytes} [Mon Oct  2 02:20:15 2023] GET /download_file?filename=sysdig_log.txt => generated 1275000 bytes in 7 msecs via sendfile() (HTTP/1.1 200) 7 headers in 297 bytes (0 switches on core 0)
[pid: 1834672|app: 0|req: 48/48] 172.31.42.252 () {44 vars in 814 bytes} [Mon Oct  2 02:20:19 2023] GET /download_file?filename=sysdig_log.txt => generated 1275000 bytes in 1 msecs via sendfile() (HTTP/1.1 200) 7 headers in 297 bytes (0 switches on core 1)
[pid: 1834672|app: 0|req: 49/49] 172.31.42.252 () {44 vars in 814 bytes} [Mon Oct  2 02:20:22 2023] GET /download_file?filename=sysdig_log.txt => generated 1275000 bytes in 6 msecs via sendfile() (HTTP/1.1 200) 7 headers in 297 bytes (0 switches on core 0)
[pid: 1834672|app: 0|req: 50/50] 172.31.42.252 () {44 vars in 814 bytes} [Mon Oct  2 02:20:25 2023] GET /download_file?filename=sysdig_log.txt => generated 1275000 bytes in 1 msecs via sendfile() (HTTP/1.1 200) 7 headers in 297 bytes (0 switches on core 1)
[pid: 1834672|app: 0|req: 51/51] 172.31.33.250 () {40 vars in 721 bytes} [Thu Oct 12 22:53:22 2023] GET / => generated 5562 bytes in 41 msecs (HTTP/1.1 200) 2 headers in 81 bytes (1 switches on core 0)
[pid: 1834672|app: 0|req: 52/52] 172.31.33.250 () {40 vars in 679 bytes} [Thu Oct 12 22:53:23 2023] GET /favicon.ico => generated 207 bytes in 14 msecs (HTTP/1.1 404) 2 headers in 87 bytes (1 switches on core 1)
*** Starting uWSGI 2.0.22 (64bit) on [Fri Oct 13 12:29:44 2023] ***
compiled with version: 9.4.0 on 31 August 2023 23:45:00
os: Linux-5.15.0-72-generic #79~20.04.1-Ubuntu SMP Thu Apr 20 22:12:07 UTC 2023
nodename: en4217394l
machine: x86_64
clock source: unix
detected number of CPU cores: 32
current working directory: /home/local/ASUAD/shijielu/Sysdig_Web
writing pidfile to /home/local/ASUAD/shijielu/Sysdig_Web/uwsgi/uwsgi.pid
detected binary path: /home/local/ASUAD/shijielu/.local/bin/uwsgi
!!! no internal routing support, rebuild with pcre support !!!
chdir() to /home/local/ASUAD/shijielu/Sysdig_Web
your processes number limit is 513797
your memory page size is 4096 bytes
detected max file descriptor number: 1024
lock engine: pthread robust mutexes
thunder lock: disabled (you can enable it with --thunder-lock)
uwsgi socket 0 bound to TCP address 0.0.0.0:5010 fd 4
Python version: 3.8.10 (default, May 26 2023, 14:05:08)  [GCC 9.4.0]
Python main interpreter initialized at 0x558e8405a3a0
python threads support enabled
your server socket listen backlog is limited to 100 connections
your mercy for graceful operations on workers is 60 seconds
mapped 166688 bytes (162 KB) for 2 cores
*** Operational MODE: threaded ***
WSGI app 0 (mountpoint='') ready in 0 seconds on interpreter 0x558e8405a3a0 pid: 3556424 (default app)
*** uWSGI is running in multiple interpreter mode ***
spawned uWSGI master process (pid: 3556424)
spawned uWSGI worker 1 (pid: 3556426, cores: 2)
invalid request block size: 21573 (max 4096)...skip
invalid request block size: 21573 (max 4096)...skip
invalid request block size: 21573 (max 4096)...skip
invalid request block size: 21573 (max 4096)...skip
invalid request block size: 21573 (max 4096)...skip
*** Starting uWSGI 2.0.22 (64bit) on [Tue Oct 17 08:13:39 2023] ***
compiled with version: 9.4.0 on 05 September 2023 23:37:52
os: Linux-5.15.0-72-generic #79~20.04.1-Ubuntu SMP Thu Apr 20 22:12:07 UTC 2023
nodename: en4217394l
machine: x86_64
clock source: unix
detected number of CPU cores: 32
current working directory: /home/local/ASUAD/shijielu/Sysdig_Web
writing pidfile to /home/local/ASUAD/shijielu/Sysdig_Web/uwsgi/uwsgi.pid
detected binary path: /usr/local/bin/uwsgi
!!! no internal routing support, rebuild with pcre support !!!
uWSGI running as root, you can use --uid/--gid/--chroot options
*** WARNING: you are running uWSGI as root !!! (use the --uid flag) *** 
chdir() to /home/local/ASUAD/shijielu/Sysdig_Web
your processes number limit is 513797
your memory page size is 4096 bytes
detected max file descriptor number: 1024
lock engine: pthread robust mutexes
thunder lock: disabled (you can enable it with --thunder-lock)
uwsgi socket 0 bound to TCP address 0.0.0.0:5021 fd 3
uWSGI running as root, you can use --uid/--gid/--chroot options
*** WARNING: you are running uWSGI as root !!! (use the --uid flag) *** 
Python version: 3.8.10 (default, May 26 2023, 14:05:08)  [GCC 9.4.0]
Python main interpreter initialized at 0x55d0f9a165c0
uWSGI running as root, you can use --uid/--gid/--chroot options
*** WARNING: you are running uWSGI as root !!! (use the --uid flag) *** 
python threads support enabled
your server socket listen backlog is limited to 100 connections
your mercy for graceful operations on workers is 60 seconds
mapped 166752 bytes (162 KB) for 2 cores
*** Operational MODE: threaded ***
WSGI app 0 (mountpoint='') ready in 0 seconds on interpreter 0x55d0f9a165c0 pid: 1431053 (default app)
uWSGI running as root, you can use --uid/--gid/--chroot options
*** WARNING: you are running uWSGI as root !!! (use the --uid flag) *** 
*** uWSGI is running in multiple interpreter mode ***
spawned uWSGI master process (pid: 1431053)
spawned uWSGI worker 1 (pid: 1431061, cores: 2)
invalid request block size: 21573 (max 4096)...skip
invalid request block size: 21573 (max 4096)...skip
invalid request block size: 21573 (max 4096)...skip
*** Starting uWSGI 2.0.22 (64bit) on [Tue Oct 17 08:45:42 2023] ***
compiled with version: 9.4.0 on 05 September 2023 23:37:52
os: Linux-5.15.0-72-generic #79~20.04.1-Ubuntu SMP Thu Apr 20 22:12:07 UTC 2023
nodename: en4217394l
machine: x86_64
clock source: unix
detected number of CPU cores: 32
current working directory: /home/local/ASUAD/shijielu/Sysdig_Web
writing pidfile to /home/local/ASUAD/shijielu/Sysdig_Web/uwsgi/uwsgi.pid
detected binary path: /usr/local/bin/uwsgi
!!! no internal routing support, rebuild with pcre support !!!
uWSGI running as root, you can use --uid/--gid/--chroot options
*** WARNING: you are running uWSGI as root !!! (use the --uid flag) *** 
chdir() to /home/local/ASUAD/shijielu/Sysdig_Web
your processes number limit is 513797
your memory page size is 4096 bytes
detected max file descriptor number: 1024
lock engine: pthread robust mutexes
thunder lock: disabled (you can enable it with --thunder-lock)
probably another instance of uWSGI is running on the same address (127.0.0.1:5021).
bind(): Address already in use [core/socket.c line 769]
*** Starting uWSGI 2.0.22 (64bit) on [Tue Oct 17 09:20:08 2023] ***
compiled with version: 9.4.0 on 05 September 2023 23:37:52
os: Linux-5.15.0-72-generic #79~20.04.1-Ubuntu SMP Thu Apr 20 22:12:07 UTC 2023
nodename: en4217394l
machine: x86_64
clock source: unix
detected number of CPU cores: 32
current working directory: /home/local/ASUAD/shijielu/Sysdig_Web
writing pidfile to /home/local/ASUAD/shijielu/Sysdig_Web/uwsgi/uwsgi.pid
detected binary path: /usr/local/bin/uwsgi
!!! no internal routing support, rebuild with pcre support !!!
uWSGI running as root, you can use --uid/--gid/--chroot options
*** WARNING: you are running uWSGI as root !!! (use the --uid flag) *** 
chdir() to /home/local/ASUAD/shijielu/Sysdig_Web
your processes number limit is 513797
your memory page size is 4096 bytes
detected max file descriptor number: 1024
lock engine: pthread robust mutexes
thunder lock: disabled (you can enable it with --thunder-lock)
uwsgi socket 0 bound to TCP address 0.0.0.0:5010 fd 3
uWSGI running as root, you can use --uid/--gid/--chroot options
*** WARNING: you are running uWSGI as root !!! (use the --uid flag) *** 
Python version: 3.8.10 (default, May 26 2023, 14:05:08)  [GCC 9.4.0]
Python main interpreter initialized at 0x559a59b515a0
uWSGI running as root, you can use --uid/--gid/--chroot options
*** WARNING: you are running uWSGI as root !!! (use the --uid flag) *** 
python threads support enabled
your server socket listen backlog is limited to 100 connections
your mercy for graceful operations on workers is 60 seconds
mapped 166752 bytes (162 KB) for 2 cores
*** Operational MODE: threaded ***
WSGI app 0 (mountpoint='') ready in 0 seconds on interpreter 0x559a59b515a0 pid: 1510311 (default app)
uWSGI running as root, you can use --uid/--gid/--chroot options
*** WARNING: you are running uWSGI as root !!! (use the --uid flag) *** 
*** uWSGI is running in multiple interpreter mode ***
spawned uWSGI master process (pid: 1510311)
spawned uWSGI worker 1 (pid: 1510313, cores: 2)
invalid request block size: 21573 (max 4096)...skip
invalid request block size: 21573 (max 4096)...skip
invalid request block size: 21573 (max 4096)...skip
[pid: 1510313|app: 0|req: 1/1] 10.155.236.235 () {40 vars in 722 bytes} [Tue Oct 17 12:21:14 2023] GET / => generated 36769 bytes in 19 msecs (HTTP/1.1 200) 2 headers in 82 bytes (1 switches on core 0)
[pid: 1510313|app: 0|req: 2/2] 10.155.236.235 () {40 vars in 680 bytes} [Tue Oct 17 12:21:15 2023] GET /favicon.ico => generated 207 bytes in 1 msecs (HTTP/1.1 404) 2 headers in 87 bytes (1 switches on core 1)
...brutally killing workers...
...brutally killing workers...
worker 1 buried after 1 seconds
binary reloading uWSGI...
chdir() to /home/local/ASUAD/shijielu/Sysdig_Web
closing all non-uwsgi socket fds > 2 (max_fd = 1024)...
found fd 3 mapped to socket 0 (0.0.0.0:5021)
running /usr/local/bin/uwsgi
worker 1 buried after 1 seconds
binary reloading uWSGI...
chdir() to /home/local/ASUAD/shijielu/Sysdig_Web
closing all non-uwsgi socket fds > 2 (max_fd = 1024)...
found fd 3 mapped to socket 0 (0.0.0.0:5010)
running /usr/local/bin/uwsgi
[uWSGI] getting INI configuration from uwsgi_server1.ini
*** Starting uWSGI 2.0.22 (64bit) on [Tue Oct 17 12:22:24 2023] ***
compiled with version: 9.4.0 on 05 September 2023 23:37:52
os: Linux-5.15.0-72-generic #79~20.04.1-Ubuntu SMP Thu Apr 20 22:12:07 UTC 2023
nodename: en4217394l
machine: x86_64
clock source: unix
detected number of CPU cores: 32
current working directory: /home/local/ASUAD/shijielu/Sysdig_Web
detected binary path: /usr/local/bin/uwsgi
!!! no internal routing support, rebuild with pcre support !!!
uWSGI running as root, you can use --uid/--gid/--chroot options
*** WARNING: you are running uWSGI as root !!! (use the --uid flag) *** 
chdir() to /home/local/ASUAD/shijielu/Sysdig_Web
your processes number limit is 513797
your memory page size is 4096 bytes
detected max file descriptor number: 1024
lock engine: pthread robust mutexes
thunder lock: disabled (you can enable it with --thunder-lock)
uwsgi socket 0 inherited INET address 0.0.0.0:5010 fd 3
uWSGI running as root, you can use --uid/--gid/--chroot options
*** WARNING: you are running uWSGI as root !!! (use the --uid flag) *** 
Python version: 3.8.10 (default, May 26 2023, 14:05:08)  [GCC 9.4.0]
[uWSGI] getting INI configuration from uwsgi_server_5021.ini
*** Starting uWSGI 2.0.22 (64bit) on [Tue Oct 17 12:22:24 2023] ***
compiled with version: 9.4.0 on 05 September 2023 23:37:52
os: Linux-5.15.0-72-generic #79~20.04.1-Ubuntu SMP Thu Apr 20 22:12:07 UTC 2023
nodename: en4217394l
machine: x86_64
clock source: unix
detected number of CPU cores: 32
current working directory: /home/local/ASUAD/shijielu/Sysdig_Web
detected binary path: /usr/local/bin/uwsgi
!!! no internal routing support, rebuild with pcre support !!!
uWSGI running as root, you can use --uid/--gid/--chroot options
*** WARNING: you are running uWSGI as root !!! (use the --uid flag) *** 
chdir() to /home/local/ASUAD/shijielu/Sysdig_Web
your processes number limit is 513797
your memory page size is 4096 bytes
detected max file descriptor number: 1024
lock engine: pthread robust mutexes
thunder lock: disabled (you can enable it with --thunder-lock)
uwsgi socket 0 bound to TCP address 127.0.0.1:5021 fd 3
uWSGI running as root, you can use --uid/--gid/--chroot options
*** WARNING: you are running uWSGI as root !!! (use the --uid flag) *** 
Python version: 3.8.10 (default, May 26 2023, 14:05:08)  [GCC 9.4.0]
Python main interpreter initialized at 0x5619b62b1fd0
uWSGI running as root, you can use --uid/--gid/--chroot options
*** WARNING: you are running uWSGI as root !!! (use the --uid flag) *** 
python threads support enabled
your server socket listen backlog is limited to 100 connections
your mercy for graceful operations on workers is 60 seconds
mapped 166752 bytes (162 KB) for 2 cores
*** Operational MODE: threaded ***
Python main interpreter initialized at 0x55b4eab48510
uWSGI running as root, you can use --uid/--gid/--chroot options
*** WARNING: you are running uWSGI as root !!! (use the --uid flag) *** 
python threads support enabled
your server socket listen backlog is limited to 100 connections
your mercy for graceful operations on workers is 60 seconds
mapped 166752 bytes (162 KB) for 2 cores
*** Operational MODE: threaded ***
WSGI app 0 (mountpoint='') ready in 0 seconds on interpreter 0x5619b62b1fd0 pid: 1510311 (default app)
uWSGI running as root, you can use --uid/--gid/--chroot options
*** WARNING: you are running uWSGI as root !!! (use the --uid flag) *** 
*** uWSGI is running in multiple interpreter mode ***
gracefully (RE)spawned uWSGI master process (pid: 1510311)
spawned uWSGI worker 1 (pid: 1669707, cores: 2)
WSGI app 0 (mountpoint='') ready in 0 seconds on interpreter 0x55b4eab48510 pid: 1431053 (default app)
uWSGI running as root, you can use --uid/--gid/--chroot options
*** WARNING: you are running uWSGI as root !!! (use the --uid flag) *** 
*** uWSGI is running in multiple interpreter mode ***
gracefully (RE)spawned uWSGI master process (pid: 1431053)
spawned uWSGI worker 1 (pid: 1669709, cores: 2)
*** Starting uWSGI 2.0.22 (64bit) on [Tue Oct 17 12:24:02 2023] ***
compiled with version: 9.4.0 on 05 September 2023 23:37:52
os: Linux-5.15.0-72-generic #79~20.04.1-Ubuntu SMP Thu Apr 20 22:12:07 UTC 2023
nodename: en4217394l
machine: x86_64
clock source: unix
detected number of CPU cores: 32
current working directory: /home/local/ASUAD/shijielu/Sysdig_Web
writing pidfile to /home/local/ASUAD/shijielu/Sysdig_Web/uwsgi/uwsgi.pid
detected binary path: /usr/local/bin/uwsgi
!!! no internal routing support, rebuild with pcre support !!!
uWSGI running as root, you can use --uid/--gid/--chroot options
*** WARNING: you are running uWSGI as root !!! (use the --uid flag) *** 
chdir() to /home/local/ASUAD/shijielu/Sysdig_Web
your processes number limit is 513797
your memory page size is 4096 bytes
detected max file descriptor number: 1024
lock engine: pthread robust mutexes
thunder lock: disabled (you can enable it with --thunder-lock)
probably another instance of uWSGI is running on the same address (0.0.0.0:5021).
bind(): Address already in use [core/socket.c line 769]
[pid: 1669709|app: 0|req: 1/1] 10.155.236.235 () {44 vars in 784 bytes} [Tue Oct 17 12:24:32 2023] GET / => generated 36769 bytes in 12 msecs (HTTP/1.1 200) 2 headers in 82 bytes (1 switches on core 0)
[pid: 1669709|app: 0|req: 2/2] 10.155.236.235 () {40 vars in 680 bytes} [Tue Oct 17 12:24:33 2023] GET /favicon.ico => generated 207 bytes in 1 msecs (HTTP/1.1 404) 2 headers in 87 bytes (1 switches on core 1)
[pid: 1669709|app: 0|req: 3/3] 10.155.236.235 () {42 vars in 753 bytes} [Tue Oct 17 12:52:16 2023] GET / => generated 36769 bytes in 9 msecs (HTTP/1.1 200) 2 headers in 82 bytes (1 switches on core 0)
[pid: 1669709|app: 0|req: 4/4] 10.155.236.235 () {56 vars in 1164 bytes} [Tue Oct 17 12:55:38 2023] GET / => generated 36769 bytes in 0 msecs (HTTP/1.1 200) 2 headers in 82 bytes (1 switches on core 1)
*** Starting uWSGI 2.0.22 (64bit) on [Tue Oct 17 13:27:35 2023] ***
compiled with version: 9.4.0 on 05 September 2023 23:37:52
os: Linux-5.15.0-72-generic #79~20.04.1-Ubuntu SMP Thu Apr 20 22:12:07 UTC 2023
nodename: en4217394l
machine: x86_64
clock source: unix
detected number of CPU cores: 32
current working directory: /home/local/ASUAD/shijielu/web/nginx
writing pidfile to /home/local/ASUAD/shijielu/web/nginx/uwsgi/uwsgi.pid
detected binary path: /usr/local/bin/uwsgi
!!! no internal routing support, rebuild with pcre support !!!
uWSGI running as root, you can use --uid/--gid/--chroot options
*** WARNING: you are running uWSGI as root !!! (use the --uid flag) *** 
chdir() to /home/local/ASUAD/shijielu/web/nginx
your processes number limit is 513797
your memory page size is 4096 bytes
detected max file descriptor number: 1024
lock engine: pthread robust mutexes
thunder lock: disabled (you can enable it with --thunder-lock)
probably another instance of uWSGI is running on the same address (0.0.0.0:5021).
bind(): Address already in use [core/socket.c line 769]
